{"C:\\Users\\karee\\OneDrive\\Desktop\\test\\revup-backend\\src\\config\\db.js": {"path":"C:\\Users\\karee\\OneDrive\\Desktop\\test\\revup-backend\\src\\config\\db.js","statementMap":{"0":{"start":{"line":3,"column":22},"end":{"line":3,"column":42}},"1":{"start":{"line":5,"column":18},"end":{"line":21,"column":1}},"2":{"start":{"line":23,"column":0},"end":{"line":23,"column":27}}},"fnMap":{},"branchMap":{"0":{"loc":{"start":{"line":10,"column":10},"end":{"line":10,"column":44}},"type":"binary-expr","locations":[{"start":{"line":10,"column":10},"end":{"line":10,"column":29}},{"start":{"line":10,"column":33},"end":{"line":10,"column":44}}],"line":10},"1":{"loc":{"start":{"line":11,"column":10},"end":{"line":11,"column":37}},"type":"binary-expr","locations":[{"start":{"line":11,"column":10},"end":{"line":11,"column":29}},{"start":{"line":11,"column":33},"end":{"line":11,"column":37}}],"line":11}},"s":{"0":1,"1":1,"2":1},"f":{},"b":{"0":[1,1],"1":[1,1]},"_coverageSchema":"1a1c01bbd47fc00a2c39e90264f33305004495a9","hash":"f0012ef3d5e42c24c9a6f3b2487ce65642e04c3f"}
,"C:\\Users\\karee\\OneDrive\\Desktop\\test\\revup-backend\\src\\config\\logger.js": {"path":"C:\\Users\\karee\\OneDrive\\Desktop\\test\\revup-backend\\src\\config\\logger.js","statementMap":{"0":{"start":{"line":3,"column":45},"end":{"line":3,"column":63}},"1":{"start":{"line":4,"column":13},"end":{"line":4,"column":28}},"2":{"start":{"line":5,"column":11},"end":{"line":5,"column":24}},"3":{"start":{"line":8,"column":16},"end":{"line":8,"column":56}},"4":{"start":{"line":9,"column":0},"end":{"line":11,"column":1}},"5":{"start":{"line":10,"column":2},"end":{"line":10,"column":45}},"6":{"start":{"line":13,"column":57},"end":{"line":13,"column":63}},"7":{"start":{"line":16,"column":22},"end":{"line":18,"column":2}},"8":{"start":{"line":17,"column":2},"end":{"line":17,"column":56}},"9":{"start":{"line":21,"column":19},"end":{"line":23,"column":2}},"10":{"start":{"line":22,"column":2},"end":{"line":22,"column":70}},"11":{"start":{"line":25,"column":15},"end":{"line":48,"column":2}},"12":{"start":{"line":50,"column":0},"end":{"line":50,"column":24}}},"fnMap":{"0":{"name":"(anonymous_0)","decl":{"start":{"line":16,"column":29},"end":{"line":16,"column":30}},"loc":{"start":{"line":16,"column":71},"end":{"line":18,"column":1}},"line":16},"1":{"name":"(anonymous_1)","decl":{"start":{"line":21,"column":26},"end":{"line":21,"column":27}},"loc":{"start":{"line":21,"column":68},"end":{"line":23,"column":1}},"line":21}},"branchMap":{"0":{"loc":{"start":{"line":9,"column":0},"end":{"line":11,"column":1}},"type":"if","locations":[{"start":{"line":9,"column":0},"end":{"line":11,"column":1}},{"start":{},"end":{}}],"line":9},"1":{"loc":{"start":{"line":17,"column":37},"end":{"line":17,"column":53}},"type":"binary-expr","locations":[{"start":{"line":17,"column":37},"end":{"line":17,"column":42}},{"start":{"line":17,"column":46},"end":{"line":17,"column":53}}],"line":17},"2":{"loc":{"start":{"line":22,"column":51},"end":{"line":22,"column":67}},"type":"binary-expr","locations":[{"start":{"line":22,"column":51},"end":{"line":22,"column":56}},{"start":{"line":22,"column":60},"end":{"line":22,"column":67}}],"line":22},"3":{"loc":{"start":{"line":26,"column":9},"end":{"line":26,"column":40}},"type":"binary-expr","locations":[{"start":{"line":26,"column":9},"end":{"line":26,"column":30}},{"start":{"line":26,"column":34},"end":{"line":26,"column":40}}],"line":26}},"s":{"0":5,"1":5,"2":5,"3":5,"4":5,"5":0,"6":5,"7":5,"8":0,"9":5,"10":0,"11":5,"12":5},"f":{"0":0,"1":0},"b":{"0":[0,5],"1":[0,0],"2":[0,0],"3":[5,5]},"_coverageSchema":"1a1c01bbd47fc00a2c39e90264f33305004495a9","hash":"8f23d22cb1d4b9fbdd90dd06b47ddd2cc384bd1d"}
,"C:\\Users\\karee\\OneDrive\\Desktop\\test\\revup-backend\\src\\config\\mailer.js": {"path":"C:\\Users\\karee\\OneDrive\\Desktop\\test\\revup-backend\\src\\config\\mailer.js","statementMap":{"0":{"start":{"line":3,"column":19},"end":{"line":3,"column":40}},"1":{"start":{"line":5,"column":20},"end":{"line":11,"column":2}},"2":{"start":{"line":13,"column":0},"end":{"line":13,"column":29}}},"fnMap":{},"branchMap":{},"s":{"0":3,"1":3,"2":3},"f":{},"b":{},"_coverageSchema":"1a1c01bbd47fc00a2c39e90264f33305004495a9","hash":"0663de376ec354e9c95a6081c9018bed04acd13c"}
,"C:\\Users\\karee\\OneDrive\\Desktop\\test\\revup-backend\\src\\controllers\\adminController.js": {"path":"C:\\Users\\karee\\OneDrive\\Desktop\\test\\revup-backend\\src\\controllers\\adminController.js","statementMap":{"0":{"start":{"line":3,"column":44},"end":{"line":3,"column":64}},"1":{"start":{"line":6,"column":0},"end":{"line":30,"column":2}},"2":{"start":{"line":7,"column":2},"end":{"line":29,"column":3}},"3":{"start":{"line":8,"column":43},"end":{"line":8,"column":52}},"4":{"start":{"line":9,"column":19},"end":{"line":9,"column":57}},"5":{"start":{"line":11,"column":18},"end":{"line":11,"column":20}},"6":{"start":{"line":12,"column":4},"end":{"line":12,"column":32}},"7":{"start":{"line":12,"column":14},"end":{"line":12,"column":32}},"8":{"start":{"line":14,"column":28},"end":{"line":20,"column":6}},"9":{"start":{"line":22,"column":4},"end":{"line":26,"column":7}},"10":{"start":{"line":28,"column":4},"end":{"line":28,"column":14}},"11":{"start":{"line":33,"column":0},"end":{"line":44,"column":2}},"12":{"start":{"line":34,"column":2},"end":{"line":43,"column":3}},"13":{"start":{"line":35,"column":17},"end":{"line":35,"column":51}},"14":{"start":{"line":36,"column":4},"end":{"line":36,"column":91}},"15":{"start":{"line":36,"column":15},"end":{"line":36,"column":91}},"16":{"start":{"line":37,"column":4},"end":{"line":37,"column":123}},"17":{"start":{"line":37,"column":31},"end":{"line":37,"column":123}},"18":{"start":{"line":39,"column":4},"end":{"line":39,"column":25}},"19":{"start":{"line":40,"column":4},"end":{"line":40,"column":90}},"20":{"start":{"line":42,"column":4},"end":{"line":42,"column":14}},"21":{"start":{"line":47,"column":0},"end":{"line":75,"column":2}},"22":{"start":{"line":48,"column":2},"end":{"line":74,"column":3}},"23":{"start":{"line":49,"column":44},"end":{"line":49,"column":52}},"24":{"start":{"line":51,"column":4},"end":{"line":53,"column":5}},"25":{"start":{"line":52,"column":6},"end":{"line":52,"column":106}},"26":{"start":{"line":55,"column":25},"end":{"line":55,"column":65}},"27":{"start":{"line":56,"column":4},"end":{"line":56,"column":104}},"28":{"start":{"line":56,"column":22},"end":{"line":56,"column":104}},"29":{"start":{"line":58,"column":19},"end":{"line":58,"column":38}},"30":{"start":{"line":59,"column":27},"end":{"line":59,"column":58}},"31":{"start":{"line":61,"column":17},"end":{"line":66,"column":6}},"32":{"start":{"line":68,"column":32},"end":{"line":68,"column":45}},"33":{"start":{"line":69,"column":4},"end":{"line":69,"column":40}},"34":{"start":{"line":71,"column":4},"end":{"line":71,"column":117}},"35":{"start":{"line":73,"column":4},"end":{"line":73,"column":14}},"36":{"start":{"line":78,"column":0},"end":{"line":97,"column":2}},"37":{"start":{"line":79,"column":2},"end":{"line":96,"column":3}},"38":{"start":{"line":80,"column":65},"end":{"line":85,"column":6}},"39":{"start":{"line":87,"column":23},"end":{"line":87,"column":70}},"40":{"start":{"line":88,"column":23},"end":{"line":88,"column":73}},"41":{"start":{"line":90,"column":4},"end":{"line":93,"column":7}},"42":{"start":{"line":95,"column":4},"end":{"line":95,"column":14}},"43":{"start":{"line":100,"column":0},"end":{"line":124,"column":2}},"44":{"start":{"line":101,"column":2},"end":{"line":123,"column":3}},"45":{"start":{"line":102,"column":45},"end":{"line":102,"column":54}},"46":{"start":{"line":103,"column":19},"end":{"line":103,"column":57}},"47":{"start":{"line":105,"column":18},"end":{"line":105,"column":20}},"48":{"start":{"line":106,"column":4},"end":{"line":106,"column":38}},"49":{"start":{"line":106,"column":16},"end":{"line":106,"column":38}},"50":{"start":{"line":108,"column":28},"end":{"line":114,"column":6}},"51":{"start":{"line":116,"column":4},"end":{"line":120,"column":7}},"52":{"start":{"line":122,"column":4},"end":{"line":122,"column":14}},"53":{"start":{"line":127,"column":0},"end":{"line":138,"column":2}},"54":{"start":{"line":128,"column":2},"end":{"line":137,"column":3}},"55":{"start":{"line":129,"column":17},"end":{"line":131,"column":6}},"56":{"start":{"line":132,"column":4},"end":{"line":132,"column":91}},"57":{"start":{"line":132,"column":15},"end":{"line":132,"column":91}},"58":{"start":{"line":134,"column":4},"end":{"line":134,"column":63}},"59":{"start":{"line":136,"column":4},"end":{"line":136,"column":14}},"60":{"start":{"line":141,"column":0},"end":{"line":160,"column":2}},"61":{"start":{"line":142,"column":2},"end":{"line":159,"column":3}},"62":{"start":{"line":143,"column":23},"end":{"line":143,"column":31}},"63":{"start":{"line":144,"column":4},"end":{"line":146,"column":5}},"64":{"start":{"line":145,"column":6},"end":{"line":145,"column":102}},"65":{"start":{"line":148,"column":17},"end":{"line":148,"column":51}},"66":{"start":{"line":149,"column":4},"end":{"line":149,"column":91}},"67":{"start":{"line":149,"column":15},"end":{"line":149,"column":91}},"68":{"start":{"line":151,"column":4},"end":{"line":153,"column":5}},"69":{"start":{"line":152,"column":6},"end":{"line":152,"column":102}},"70":{"start":{"line":155,"column":4},"end":{"line":155,"column":34}},"71":{"start":{"line":156,"column":4},"end":{"line":156,"column":109}},"72":{"start":{"line":158,"column":4},"end":{"line":158,"column":14}},"73":{"start":{"line":163,"column":0},"end":{"line":173,"column":2}},"74":{"start":{"line":164,"column":2},"end":{"line":172,"column":3}},"75":{"start":{"line":165,"column":16},"end":{"line":165,"column":49}},"76":{"start":{"line":166,"column":4},"end":{"line":166,"column":89}},"77":{"start":{"line":166,"column":14},"end":{"line":166,"column":89}},"78":{"start":{"line":168,"column":4},"end":{"line":168,"column":24}},"79":{"start":{"line":169,"column":4},"end":{"line":169,"column":89}},"80":{"start":{"line":171,"column":4},"end":{"line":171,"column":14}},"81":{"start":{"line":176,"column":0},"end":{"line":202,"column":2}},"82":{"start":{"line":177,"column":2},"end":{"line":201,"column":3}},"83":{"start":{"line":178,"column":26},"end":{"line":178,"column":46}},"84":{"start":{"line":181,"column":23},"end":{"line":184,"column":6}},"85":{"start":{"line":187,"column":25},"end":{"line":190,"column":6}},"86":{"start":{"line":192,"column":4},"end":{"line":198,"column":7}},"87":{"start":{"line":200,"column":4},"end":{"line":200,"column":14}}},"fnMap":{"0":{"name":"(anonymous_0)","decl":{"start":{"line":6,"column":22},"end":{"line":6,"column":23}},"loc":{"start":{"line":6,"column":48},"end":{"line":30,"column":1}},"line":6},"1":{"name":"(anonymous_1)","decl":{"start":{"line":33,"column":21},"end":{"line":33,"column":22}},"loc":{"start":{"line":33,"column":47},"end":{"line":44,"column":1}},"line":33},"2":{"name":"(anonymous_2)","decl":{"start":{"line":47,"column":21},"end":{"line":47,"column":22}},"loc":{"start":{"line":47,"column":47},"end":{"line":75,"column":1}},"line":47},"3":{"name":"(anonymous_3)","decl":{"start":{"line":78,"column":27},"end":{"line":78,"column":28}},"loc":{"start":{"line":78,"column":53},"end":{"line":97,"column":1}},"line":78},"4":{"name":"(anonymous_4)","decl":{"start":{"line":100,"column":21},"end":{"line":100,"column":22}},"loc":{"start":{"line":100,"column":47},"end":{"line":124,"column":1}},"line":100},"5":{"name":"(anonymous_5)","decl":{"start":{"line":127,"column":22},"end":{"line":127,"column":23}},"loc":{"start":{"line":127,"column":48},"end":{"line":138,"column":1}},"line":127},"6":{"name":"(anonymous_6)","decl":{"start":{"line":141,"column":27},"end":{"line":141,"column":28}},"loc":{"start":{"line":141,"column":53},"end":{"line":160,"column":1}},"line":141},"7":{"name":"(anonymous_7)","decl":{"start":{"line":163,"column":20},"end":{"line":163,"column":21}},"loc":{"start":{"line":163,"column":46},"end":{"line":173,"column":1}},"line":163},"8":{"name":"(anonymous_8)","decl":{"start":{"line":176,"column":22},"end":{"line":176,"column":23}},"loc":{"start":{"line":176,"column":48},"end":{"line":202,"column":1}},"line":176}},"branchMap":{"0":{"loc":{"start":{"line":8,"column":12},"end":{"line":8,"column":20}},"type":"default-arg","locations":[{"start":{"line":8,"column":19},"end":{"line":8,"column":20}}],"line":8},"1":{"loc":{"start":{"line":8,"column":22},"end":{"line":8,"column":32}},"type":"default-arg","locations":[{"start":{"line":8,"column":30},"end":{"line":8,"column":32}}],"line":8},"2":{"loc":{"start":{"line":12,"column":4},"end":{"line":12,"column":32}},"type":"if","locations":[{"start":{"line":12,"column":4},"end":{"line":12,"column":32}},{"start":{},"end":{}}],"line":12},"3":{"loc":{"start":{"line":36,"column":4},"end":{"line":36,"column":91}},"type":"if","locations":[{"start":{"line":36,"column":4},"end":{"line":36,"column":91}},{"start":{},"end":{}}],"line":36},"4":{"loc":{"start":{"line":37,"column":4},"end":{"line":37,"column":123}},"type":"if","locations":[{"start":{"line":37,"column":4},"end":{"line":37,"column":123}},{"start":{},"end":{}}],"line":37},"5":{"loc":{"start":{"line":51,"column":4},"end":{"line":53,"column":5}},"type":"if","locations":[{"start":{"line":51,"column":4},"end":{"line":53,"column":5}},{"start":{},"end":{}}],"line":51},"6":{"loc":{"start":{"line":51,"column":8},"end":{"line":51,"column":36}},"type":"binary-expr","locations":[{"start":{"line":51,"column":8},"end":{"line":51,"column":13}},{"start":{"line":51,"column":17},"end":{"line":51,"column":23}},{"start":{"line":51,"column":27},"end":{"line":51,"column":36}}],"line":51},"7":{"loc":{"start":{"line":56,"column":4},"end":{"line":56,"column":104}},"type":"if","locations":[{"start":{"line":56,"column":4},"end":{"line":56,"column":104}},{"start":{},"end":{}}],"line":56},"8":{"loc":{"start":{"line":65,"column":12},"end":{"line":65,"column":28}},"type":"binary-expr","locations":[{"start":{"line":65,"column":12},"end":{"line":65,"column":16}},{"start":{"line":65,"column":20},"end":{"line":65,"column":28}}],"line":65},"9":{"loc":{"start":{"line":102,"column":12},"end":{"line":102,"column":20}},"type":"default-arg","locations":[{"start":{"line":102,"column":19},"end":{"line":102,"column":20}}],"line":102},"10":{"loc":{"start":{"line":102,"column":22},"end":{"line":102,"column":32}},"type":"default-arg","locations":[{"start":{"line":102,"column":30},"end":{"line":102,"column":32}}],"line":102},"11":{"loc":{"start":{"line":106,"column":4},"end":{"line":106,"column":38}},"type":"if","locations":[{"start":{"line":106,"column":4},"end":{"line":106,"column":38}},{"start":{},"end":{}}],"line":106},"12":{"loc":{"start":{"line":132,"column":4},"end":{"line":132,"column":91}},"type":"if","locations":[{"start":{"line":132,"column":4},"end":{"line":132,"column":91}},{"start":{},"end":{}}],"line":132},"13":{"loc":{"start":{"line":144,"column":4},"end":{"line":146,"column":5}},"type":"if","locations":[{"start":{"line":144,"column":4},"end":{"line":146,"column":5}},{"start":{},"end":{}}],"line":144},"14":{"loc":{"start":{"line":149,"column":4},"end":{"line":149,"column":91}},"type":"if","locations":[{"start":{"line":149,"column":4},"end":{"line":149,"column":91}},{"start":{},"end":{}}],"line":149},"15":{"loc":{"start":{"line":151,"column":4},"end":{"line":153,"column":5}},"type":"if","locations":[{"start":{"line":151,"column":4},"end":{"line":153,"column":5}},{"start":{},"end":{}}],"line":151},"16":{"loc":{"start":{"line":166,"column":4},"end":{"line":166,"column":89}},"type":"if","locations":[{"start":{"line":166,"column":4},"end":{"line":166,"column":89}},{"start":{},"end":{}}],"line":166}},"s":{"0":1,"1":1,"2":1,"3":1,"4":1,"5":1,"6":1,"7":0,"8":1,"9":1,"10":0,"11":1,"12":2,"13":2,"14":2,"15":0,"16":2,"17":1,"18":1,"19":1,"20":0,"21":1,"22":2,"23":2,"24":2,"25":0,"26":2,"27":2,"28":1,"29":1,"30":1,"31":1,"32":1,"33":1,"34":1,"35":0,"36":1,"37":1,"38":1,"39":1,"40":1,"41":1,"42":0,"43":1,"44":0,"45":0,"46":0,"47":0,"48":0,"49":0,"50":0,"51":0,"52":0,"53":1,"54":0,"55":0,"56":0,"57":0,"58":0,"59":0,"60":1,"61":2,"62":2,"63":2,"64":0,"65":2,"66":2,"67":0,"68":2,"69":1,"70":1,"71":1,"72":0,"73":1,"74":1,"75":1,"76":1,"77":0,"78":1,"79":1,"80":0,"81":1,"82":0,"83":0,"84":0,"85":0,"86":0,"87":0},"f":{"0":1,"1":2,"2":2,"3":1,"4":0,"5":0,"6":2,"7":1,"8":0},"b":{"0":[0],"1":[0],"2":[0,1],"3":[0,2],"4":[1,1],"5":[0,2],"6":[2,2,2],"7":[1,1],"8":[1,0],"9":[0],"10":[0],"11":[0,0],"12":[0,0],"13":[0,2],"14":[0,2],"15":[1,1],"16":[0,1]},"_coverageSchema":"1a1c01bbd47fc00a2c39e90264f33305004495a9","hash":"ce5faa7cc64e5bcc3f92bafcc9769f7b9c4715de"}
,"C:\\Users\\karee\\OneDrive\\Desktop\\test\\revup-backend\\src\\controllers\\analyticsController.js": {"path":"C:\\Users\\karee\\OneDrive\\Desktop\\test\\revup-backend\\src\\controllers\\analyticsController.js","statementMap":{"0":{"start":{"line":3,"column":33},"end":{"line":3,"column":53}},"1":{"start":{"line":4,"column":18},"end":{"line":4,"column":41}},"2":{"start":{"line":5,"column":44},"end":{"line":5,"column":64}},"3":{"start":{"line":8,"column":28},"end":{"line":14,"column":1}},"4":{"start":{"line":9,"column":16},"end":{"line":9,"column":74}},"5":{"start":{"line":10,"column":2},"end":{"line":10,"column":26}},"6":{"start":{"line":10,"column":13},"end":{"line":10,"column":26}},"7":{"start":{"line":11,"column":15},"end":{"line":11,"column":80}},"8":{"start":{"line":12,"column":2},"end":{"line":12,"column":78}},"9":{"start":{"line":12,"column":31},"end":{"line":12,"column":78}},"10":{"start":{"line":13,"column":2},"end":{"line":13,"column":14}},"11":{"start":{"line":17,"column":25},"end":{"line":20,"column":1}},"12":{"start":{"line":18,"column":15},"end":{"line":18,"column":90}},"13":{"start":{"line":19,"column":2},"end":{"line":19,"column":31}},"14":{"start":{"line":19,"column":25},"end":{"line":19,"column":29}},"15":{"start":{"line":63,"column":0},"end":{"line":118,"column":2}},"16":{"start":{"line":64,"column":2},"end":{"line":117,"column":3}},"17":{"start":{"line":65,"column":20},"end":{"line":65,"column":58}},"18":{"start":{"line":66,"column":4},"end":{"line":68,"column":5}},"19":{"start":{"line":67,"column":6},"end":{"line":67,"column":107}},"20":{"start":{"line":71,"column":17},"end":{"line":88,"column":6}},"21":{"start":{"line":90,"column":22},"end":{"line":90,"column":33}},"22":{"start":{"line":91,"column":21},"end":{"line":91,"column":67}},"23":{"start":{"line":91,"column":40},"end":{"line":91,"column":59}},"24":{"start":{"line":92,"column":23},"end":{"line":92,"column":43}},"25":{"start":{"line":95,"column":20},"end":{"line":104,"column":7}},"26":{"start":{"line":95,"column":37},"end":{"line":104,"column":5}},"27":{"start":{"line":106,"column":4},"end":{"line":114,"column":7}},"28":{"start":{"line":116,"column":4},"end":{"line":116,"column":14}},"29":{"start":{"line":166,"column":0},"end":{"line":260,"column":2}},"30":{"start":{"line":167,"column":2},"end":{"line":259,"column":3}},"31":{"start":{"line":168,"column":20},"end":{"line":168,"column":58}},"32":{"start":{"line":169,"column":4},"end":{"line":171,"column":5}},"33":{"start":{"line":170,"column":6},"end":{"line":170,"column":107}},"34":{"start":{"line":173,"column":19},"end":{"line":173,"column":53}},"35":{"start":{"line":175,"column":4},"end":{"line":185,"column":5}},"36":{"start":{"line":176,"column":6},"end":{"line":184,"column":9}},"37":{"start":{"line":188,"column":25},"end":{"line":198,"column":5}},"38":{"start":{"line":200,"column":23},"end":{"line":200,"column":42}},"39":{"start":{"line":203,"column":17},"end":{"line":203,"column":47}},"40":{"start":{"line":204,"column":18},"end":{"line":204,"column":28}},"41":{"start":{"line":205,"column":4},"end":{"line":205,"column":42}},"42":{"start":{"line":207,"column":23},"end":{"line":217,"column":5}},"43":{"start":{"line":220,"column":25},"end":{"line":233,"column":5}},"44":{"start":{"line":235,"column":4},"end":{"line":256,"column":7}},"45":{"start":{"line":245,"column":40},"end":{"line":248,"column":9}},"46":{"start":{"line":249,"column":41},"end":{"line":254,"column":9}},"47":{"start":{"line":258,"column":4},"end":{"line":258,"column":14}}},"fnMap":{"0":{"name":"(anonymous_0)","decl":{"start":{"line":8,"column":28},"end":{"line":8,"column":29}},"loc":{"start":{"line":8,"column":46},"end":{"line":14,"column":1}},"line":8},"1":{"name":"(anonymous_1)","decl":{"start":{"line":17,"column":25},"end":{"line":17,"column":26}},"loc":{"start":{"line":17,"column":46},"end":{"line":20,"column":1}},"line":17},"2":{"name":"(anonymous_2)","decl":{"start":{"line":19,"column":18},"end":{"line":19,"column":19}},"loc":{"start":{"line":19,"column":25},"end":{"line":19,"column":29}},"line":19},"3":{"name":"(anonymous_3)","decl":{"start":{"line":63,"column":26},"end":{"line":63,"column":27}},"loc":{"start":{"line":63,"column":52},"end":{"line":118,"column":1}},"line":63},"4":{"name":"(anonymous_4)","decl":{"start":{"line":91,"column":33},"end":{"line":91,"column":34}},"loc":{"start":{"line":91,"column":40},"end":{"line":91,"column":59}},"line":91},"5":{"name":"(anonymous_5)","decl":{"start":{"line":95,"column":29},"end":{"line":95,"column":30}},"loc":{"start":{"line":95,"column":37},"end":{"line":104,"column":5}},"line":95},"6":{"name":"(anonymous_6)","decl":{"start":{"line":166,"column":34},"end":{"line":166,"column":35}},"loc":{"start":{"line":166,"column":60},"end":{"line":260,"column":1}},"line":166},"7":{"name":"(anonymous_7)","decl":{"start":{"line":245,"column":32},"end":{"line":245,"column":33}},"loc":{"start":{"line":245,"column":40},"end":{"line":248,"column":9}},"line":245},"8":{"name":"(anonymous_8)","decl":{"start":{"line":249,"column":33},"end":{"line":249,"column":34}},"loc":{"start":{"line":249,"column":41},"end":{"line":254,"column":9}},"line":249}},"branchMap":{"0":{"loc":{"start":{"line":10,"column":2},"end":{"line":10,"column":26}},"type":"if","locations":[{"start":{"line":10,"column":2},"end":{"line":10,"column":26}},{"start":{},"end":{}}],"line":10},"1":{"loc":{"start":{"line":12,"column":2},"end":{"line":12,"column":78}},"type":"if","locations":[{"start":{"line":12,"column":2},"end":{"line":12,"column":78}},{"start":{},"end":{}}],"line":12},"2":{"loc":{"start":{"line":12,"column":6},"end":{"line":12,"column":29}},"type":"binary-expr","locations":[{"start":{"line":12,"column":6},"end":{"line":12,"column":10}},{"start":{"line":12,"column":14},"end":{"line":12,"column":29}}],"line":12},"3":{"loc":{"start":{"line":66,"column":4},"end":{"line":68,"column":5}},"type":"if","locations":[{"start":{"line":66,"column":4},"end":{"line":68,"column":5}},{"start":{},"end":{}}],"line":66},"4":{"loc":{"start":{"line":102,"column":25},"end":{"line":102,"column":70}},"type":"binary-expr","locations":[{"start":{"line":102,"column":25},"end":{"line":102,"column":65}},{"start":{"line":102,"column":69},"end":{"line":102,"column":70}}],"line":102},"5":{"loc":{"start":{"line":169,"column":4},"end":{"line":171,"column":5}},"type":"if","locations":[{"start":{"line":169,"column":4},"end":{"line":171,"column":5}},{"start":{},"end":{}}],"line":169},"6":{"loc":{"start":{"line":175,"column":4},"end":{"line":185,"column":5}},"type":"if","locations":[{"start":{"line":175,"column":4},"end":{"line":185,"column":5}},{"start":{},"end":{}}],"line":175},"7":{"loc":{"start":{"line":200,"column":23},"end":{"line":200,"column":42}},"type":"binary-expr","locations":[{"start":{"line":200,"column":23},"end":{"line":200,"column":36}},{"start":{"line":200,"column":40},"end":{"line":200,"column":42}}],"line":200},"8":{"loc":{"start":{"line":203,"column":17},"end":{"line":203,"column":47}},"type":"binary-expr","locations":[{"start":{"line":203,"column":17},"end":{"line":203,"column":41}},{"start":{"line":203,"column":45},"end":{"line":203,"column":47}}],"line":203},"9":{"loc":{"start":{"line":238,"column":15},"end":{"line":238,"column":46}},"type":"binary-expr","locations":[{"start":{"line":238,"column":15},"end":{"line":238,"column":41}},{"start":{"line":238,"column":45},"end":{"line":238,"column":46}}],"line":238},"10":{"loc":{"start":{"line":240,"column":23},"end":{"line":240,"column":60}},"type":"binary-expr","locations":[{"start":{"line":240,"column":23},"end":{"line":240,"column":51}},{"start":{"line":240,"column":59},"end":{"line":240,"column":60}}],"line":240},"11":{"loc":{"start":{"line":241,"column":23},"end":{"line":241,"column":60}},"type":"binary-expr","locations":[{"start":{"line":241,"column":23},"end":{"line":241,"column":55}},{"start":{"line":241,"column":59},"end":{"line":241,"column":60}}],"line":241},"12":{"loc":{"start":{"line":242,"column":23},"end":{"line":242,"column":60}},"type":"binary-expr","locations":[{"start":{"line":242,"column":23},"end":{"line":242,"column":52}},{"start":{"line":242,"column":59},"end":{"line":242,"column":60}}],"line":242},"13":{"loc":{"start":{"line":243,"column":23},"end":{"line":243,"column":60}},"type":"binary-expr","locations":[{"start":{"line":243,"column":23},"end":{"line":243,"column":49}},{"start":{"line":243,"column":59},"end":{"line":243,"column":60}}],"line":243}},"s":{"0":1,"1":1,"2":1,"3":1,"4":4,"5":4,"6":3,"7":1,"8":1,"9":0,"10":1,"11":1,"12":2,"13":2,"14":1,"15":1,"16":2,"17":2,"18":2,"19":1,"20":1,"21":1,"22":1,"23":2,"24":1,"25":1,"26":2,"27":1,"28":0,"29":1,"30":2,"31":2,"32":2,"33":0,"34":2,"35":2,"36":1,"37":1,"38":1,"39":1,"40":1,"41":1,"42":1,"43":1,"44":1,"45":1,"46":1,"47":0},"f":{"0":4,"1":2,"2":1,"3":2,"4":2,"5":2,"6":2,"7":1,"8":1},"b":{"0":[3,1],"1":[0,1],"2":[1,0],"3":[1,1],"4":[2,0],"5":[0,2],"6":[1,1],"7":[1,0],"8":[1,1],"9":[1,0],"10":[1,0],"11":[1,0],"12":[1,0],"13":[1,0]},"_coverageSchema":"1a1c01bbd47fc00a2c39e90264f33305004495a9","hash":"679e8ab1fe75e976700d1d70cc4c4428f7136fd3"}
,"C:\\Users\\karee\\OneDrive\\Desktop\\test\\revup-backend\\src\\controllers\\applicationController.js": {"path":"C:\\Users\\karee\\OneDrive\\Desktop\\test\\revup-backend\\src\\controllers\\applicationController.js","statementMap":{"0":{"start":{"line":3,"column":15},"end":{"line":3,"column":35}},"1":{"start":{"line":4,"column":76},"end":{"line":4,"column":96}},"2":{"start":{"line":5,"column":39},"end":{"line":5,"column":74}},"3":{"start":{"line":8,"column":34},"end":{"line":10,"column":1}},"4":{"start":{"line":9,"column":2},"end":{"line":9,"column":76}},"5":{"start":{"line":13,"column":31},"end":{"line":23,"column":1}},"6":{"start":{"line":14,"column":21},"end":{"line":17,"column":4}},"7":{"start":{"line":19,"column":18},"end":{"line":19,"column":85}},"8":{"start":{"line":20,"column":14},"end":{"line":20,"column":48}},"9":{"start":{"line":20,"column":42},"end":{"line":20,"column":46}},"10":{"start":{"line":21,"column":2},"end":{"line":21,"column":59}},"11":{"start":{"line":21,"column":29},"end":{"line":21,"column":59}},"12":{"start":{"line":22,"column":2},"end":{"line":22,"column":18}},"13":{"start":{"line":28,"column":0},"end":{"line":74,"column":2}},"14":{"start":{"line":29,"column":2},"end":{"line":73,"column":3}},"15":{"start":{"line":30,"column":18},"end":{"line":30,"column":44}},"16":{"start":{"line":32,"column":16},"end":{"line":34,"column":6}},"17":{"start":{"line":35,"column":4},"end":{"line":35,"column":89}},"18":{"start":{"line":35,"column":14},"end":{"line":35,"column":89}},"19":{"start":{"line":36,"column":4},"end":{"line":36,"column":139}},"20":{"start":{"line":36,"column":33},"end":{"line":36,"column":139}},"21":{"start":{"line":39,"column":4},"end":{"line":44,"column":5}},"22":{"start":{"line":40,"column":6},"end":{"line":43,"column":9}},"23":{"start":{"line":46,"column":21},"end":{"line":46,"column":100}},"24":{"start":{"line":47,"column":4},"end":{"line":47,"column":116}},"25":{"start":{"line":47,"column":18},"end":{"line":47,"column":116}},"26":{"start":{"line":49,"column":29},"end":{"line":49,"column":37}},"27":{"start":{"line":50,"column":22},"end":{"line":50,"column":94}},"28":{"start":{"line":52,"column":24},"end":{"line":57,"column":6}},"29":{"start":{"line":60,"column":25},"end":{"line":60,"column":69}},"30":{"start":{"line":61,"column":4},"end":{"line":68,"column":5}},"31":{"start":{"line":62,"column":6},"end":{"line":67,"column":8}},"32":{"start":{"line":63,"column":33},"end":{"line":66,"column":9}},"33":{"start":{"line":70,"column":4},"end":{"line":70,"column":118}},"34":{"start":{"line":72,"column":4},"end":{"line":72,"column":14}},"35":{"start":{"line":79,"column":0},"end":{"line":118,"column":2}},"36":{"start":{"line":80,"column":2},"end":{"line":117,"column":3}},"37":{"start":{"line":81,"column":25},"end":{"line":88,"column":6}},"38":{"start":{"line":91,"column":19},"end":{"line":91,"column":64}},"39":{"start":{"line":91,"column":42},"end":{"line":91,"column":62}},"40":{"start":{"line":92,"column":23},"end":{"line":101,"column":10}},"41":{"start":{"line":96,"column":47},"end":{"line":96,"column":55}},"42":{"start":{"line":104,"column":25},"end":{"line":104,"column":27}},"43":{"start":{"line":105,"column":4},"end":{"line":107,"column":5}},"44":{"start":{"line":106,"column":6},"end":{"line":106,"column":65}},"45":{"start":{"line":106,"column":36},"end":{"line":106,"column":65}},"46":{"start":{"line":109,"column":21},"end":{"line":112,"column":7}},"47":{"start":{"line":109,"column":46},"end":{"line":112,"column":5}},"48":{"start":{"line":114,"column":4},"end":{"line":114,"column":67}},"49":{"start":{"line":116,"column":4},"end":{"line":116,"column":14}},"50":{"start":{"line":123,"column":0},"end":{"line":160,"column":2}},"51":{"start":{"line":124,"column":2},"end":{"line":159,"column":3}},"52":{"start":{"line":125,"column":18},"end":{"line":125,"column":44}},"53":{"start":{"line":126,"column":18},"end":{"line":126,"column":61}},"54":{"start":{"line":127,"column":18},"end":{"line":127,"column":77}},"55":{"start":{"line":128,"column":19},"end":{"line":128,"column":37}},"56":{"start":{"line":131,"column":16},"end":{"line":131,"column":91}},"57":{"start":{"line":132,"column":4},"end":{"line":132,"column":89}},"58":{"start":{"line":132,"column":14},"end":{"line":132,"column":89}},"59":{"start":{"line":133,"column":4},"end":{"line":135,"column":5}},"60":{"start":{"line":134,"column":6},"end":{"line":134,"column":77}},"61":{"start":{"line":137,"column":28},"end":{"line":143,"column":6}},"62":{"start":{"line":145,"column":4},"end":{"line":156,"column":7}},"63":{"start":{"line":158,"column":4},"end":{"line":158,"column":14}},"64":{"start":{"line":165,"column":0},"end":{"line":199,"column":2}},"65":{"start":{"line":166,"column":2},"end":{"line":198,"column":3}},"66":{"start":{"line":167,"column":24},"end":{"line":177,"column":6}},"67":{"start":{"line":178,"column":4},"end":{"line":178,"column":105}},"68":{"start":{"line":178,"column":22},"end":{"line":178,"column":105}},"69":{"start":{"line":181,"column":4},"end":{"line":193,"column":5}},"70":{"start":{"line":182,"column":6},"end":{"line":184,"column":7}},"71":{"start":{"line":183,"column":8},"end":{"line":183,"column":109}},"72":{"start":{"line":186,"column":19},"end":{"line":186,"column":39}},"73":{"start":{"line":187,"column":6},"end":{"line":187,"column":27}},"74":{"start":{"line":188,"column":6},"end":{"line":188,"column":59}},"75":{"start":{"line":189,"column":11},"end":{"line":193,"column":5}},"76":{"start":{"line":190,"column":6},"end":{"line":192,"column":7}},"77":{"start":{"line":191,"column":8},"end":{"line":191,"column":121}},"78":{"start":{"line":195,"column":4},"end":{"line":195,"column":70}},"79":{"start":{"line":197,"column":4},"end":{"line":197,"column":14}},"80":{"start":{"line":204,"column":0},"end":{"line":257,"column":2}},"81":{"start":{"line":205,"column":2},"end":{"line":256,"column":3}},"82":{"start":{"line":206,"column":51},"end":{"line":206,"column":59}},"83":{"start":{"line":208,"column":24},"end":{"line":213,"column":6}},"84":{"start":{"line":214,"column":4},"end":{"line":214,"column":105}},"85":{"start":{"line":214,"column":22},"end":{"line":214,"column":105}},"86":{"start":{"line":217,"column":4},"end":{"line":219,"column":5}},"87":{"start":{"line":218,"column":6},"end":{"line":218,"column":77}},"88":{"start":{"line":221,"column":20},"end":{"line":221,"column":30}},"89":{"start":{"line":222,"column":4},"end":{"line":222,"column":60}},"90":{"start":{"line":222,"column":32},"end":{"line":222,"column":60}},"91":{"start":{"line":223,"column":4},"end":{"line":223,"column":95}},"92":{"start":{"line":223,"column":51},"end":{"line":223,"column":95}},"93":{"start":{"line":225,"column":4},"end":{"line":225,"column":38}},"94":{"start":{"line":228,"column":27},"end":{"line":234,"column":5}},"95":{"start":{"line":236,"column":4},"end":{"line":239,"column":7}},"96":{"start":{"line":242,"column":4},"end":{"line":251,"column":5}},"97":{"start":{"line":243,"column":6},"end":{"line":250,"column":30}},"98":{"start":{"line":253,"column":4},"end":{"line":253,"column":123}},"99":{"start":{"line":255,"column":4},"end":{"line":255,"column":14}},"100":{"start":{"line":262,"column":0},"end":{"line":299,"column":2}},"101":{"start":{"line":263,"column":2},"end":{"line":298,"column":3}},"102":{"start":{"line":264,"column":24},"end":{"line":266,"column":6}},"103":{"start":{"line":268,"column":4},"end":{"line":268,"column":105}},"104":{"start":{"line":268,"column":22},"end":{"line":268,"column":105}},"105":{"start":{"line":270,"column":4},"end":{"line":272,"column":5}},"106":{"start":{"line":271,"column":6},"end":{"line":271,"column":111}},"107":{"start":{"line":275,"column":4},"end":{"line":280,"column":5}},"108":{"start":{"line":276,"column":6},"end":{"line":279,"column":9}},"109":{"start":{"line":282,"column":4},"end":{"line":282,"column":32}},"110":{"start":{"line":285,"column":25},"end":{"line":285,"column":81}},"111":{"start":{"line":286,"column":4},"end":{"line":293,"column":5}},"112":{"start":{"line":287,"column":6},"end":{"line":292,"column":8}},"113":{"start":{"line":288,"column":33},"end":{"line":291,"column":9}},"114":{"start":{"line":295,"column":4},"end":{"line":295,"column":99}},"115":{"start":{"line":297,"column":4},"end":{"line":297,"column":14}}},"fnMap":{"0":{"name":"(anonymous_0)","decl":{"start":{"line":8,"column":34},"end":{"line":8,"column":35}},"loc":{"start":{"line":8,"column":53},"end":{"line":10,"column":1}},"line":8},"1":{"name":"(anonymous_1)","decl":{"start":{"line":13,"column":31},"end":{"line":13,"column":32}},"loc":{"start":{"line":13,"column":52},"end":{"line":23,"column":1}},"line":13},"2":{"name":"(anonymous_2)","decl":{"start":{"line":20,"column":37},"end":{"line":20,"column":38}},"loc":{"start":{"line":20,"column":42},"end":{"line":20,"column":46}},"line":20},"3":{"name":"(anonymous_3)","decl":{"start":{"line":28,"column":21},"end":{"line":28,"column":22}},"loc":{"start":{"line":28,"column":47},"end":{"line":74,"column":1}},"line":28},"4":{"name":"(anonymous_4)","decl":{"start":{"line":63,"column":25},"end":{"line":63,"column":26}},"loc":{"start":{"line":63,"column":33},"end":{"line":66,"column":9}},"line":63},"5":{"name":"(anonymous_5)","decl":{"start":{"line":79,"column":28},"end":{"line":79,"column":29}},"loc":{"start":{"line":79,"column":54},"end":{"line":118,"column":1}},"line":79},"6":{"name":"(anonymous_6)","decl":{"start":{"line":91,"column":36},"end":{"line":91,"column":37}},"loc":{"start":{"line":91,"column":42},"end":{"line":91,"column":62}},"line":91},"7":{"name":"(anonymous_7)","decl":{"start":{"line":96,"column":42},"end":{"line":96,"column":43}},"loc":{"start":{"line":96,"column":47},"end":{"line":96,"column":55}},"line":96},"8":{"name":"(anonymous_8)","decl":{"start":{"line":109,"column":38},"end":{"line":109,"column":39}},"loc":{"start":{"line":109,"column":46},"end":{"line":112,"column":5}},"line":109},"9":{"name":"(anonymous_9)","decl":{"start":{"line":123,"column":29},"end":{"line":123,"column":30}},"loc":{"start":{"line":123,"column":55},"end":{"line":160,"column":1}},"line":123},"10":{"name":"(anonymous_10)","decl":{"start":{"line":165,"column":29},"end":{"line":165,"column":30}},"loc":{"start":{"line":165,"column":55},"end":{"line":199,"column":1}},"line":165},"11":{"name":"(anonymous_11)","decl":{"start":{"line":204,"column":34},"end":{"line":204,"column":35}},"loc":{"start":{"line":204,"column":60},"end":{"line":257,"column":1}},"line":204},"12":{"name":"(anonymous_12)","decl":{"start":{"line":262,"column":30},"end":{"line":262,"column":31}},"loc":{"start":{"line":262,"column":56},"end":{"line":299,"column":1}},"line":262},"13":{"name":"(anonymous_13)","decl":{"start":{"line":288,"column":25},"end":{"line":288,"column":26}},"loc":{"start":{"line":288,"column":33},"end":{"line":291,"column":9}},"line":288}},"branchMap":{"0":{"loc":{"start":{"line":9,"column":9},"end":{"line":9,"column":75}},"type":"binary-expr","locations":[{"start":{"line":9,"column":9},"end":{"line":9,"column":41}},{"start":{"line":9,"column":45},"end":{"line":9,"column":75}}],"line":9},"1":{"loc":{"start":{"line":21,"column":2},"end":{"line":21,"column":59}},"type":"if","locations":[{"start":{"line":21,"column":2},"end":{"line":21,"column":59}},{"start":{},"end":{}}],"line":21},"2":{"loc":{"start":{"line":35,"column":4},"end":{"line":35,"column":89}},"type":"if","locations":[{"start":{"line":35,"column":4},"end":{"line":35,"column":89}},{"start":{},"end":{}}],"line":35},"3":{"loc":{"start":{"line":36,"column":4},"end":{"line":36,"column":139}},"type":"if","locations":[{"start":{"line":36,"column":4},"end":{"line":36,"column":139}},{"start":{},"end":{}}],"line":36},"4":{"loc":{"start":{"line":39,"column":4},"end":{"line":44,"column":5}},"type":"if","locations":[{"start":{"line":39,"column":4},"end":{"line":44,"column":5}},{"start":{},"end":{}}],"line":39},"5":{"loc":{"start":{"line":39,"column":8},"end":{"line":39,"column":83}},"type":"binary-expr","locations":[{"start":{"line":39,"column":8},"end":{"line":39,"column":32}},{"start":{"line":39,"column":36},"end":{"line":39,"column":83}}],"line":39},"6":{"loc":{"start":{"line":47,"column":4},"end":{"line":47,"column":116}},"type":"if","locations":[{"start":{"line":47,"column":4},"end":{"line":47,"column":116}},{"start":{},"end":{}}],"line":47},"7":{"loc":{"start":{"line":50,"column":22},"end":{"line":50,"column":94}},"type":"cond-expr","locations":[{"start":{"line":50,"column":33},"end":{"line":50,"column":72}},{"start":{"line":50,"column":75},"end":{"line":50,"column":94}}],"line":50},"8":{"loc":{"start":{"line":61,"column":4},"end":{"line":68,"column":5}},"type":"if","locations":[{"start":{"line":61,"column":4},"end":{"line":68,"column":5}},{"start":{},"end":{}}],"line":61},"9":{"loc":{"start":{"line":92,"column":23},"end":{"line":101,"column":10}},"type":"cond-expr","locations":[{"start":{"line":93,"column":8},"end":{"line":100,"column":10}},{"start":{"line":101,"column":8},"end":{"line":101,"column":10}}],"line":92},"10":{"loc":{"start":{"line":106,"column":6},"end":{"line":106,"column":65}},"type":"if","locations":[{"start":{"line":106,"column":6},"end":{"line":106,"column":65}},{"start":{},"end":{}}],"line":106},"11":{"loc":{"start":{"line":111,"column":20},"end":{"line":111,"column":52}},"type":"binary-expr","locations":[{"start":{"line":111,"column":20},"end":{"line":111,"column":44}},{"start":{"line":111,"column":48},"end":{"line":111,"column":52}}],"line":111},"12":{"loc":{"start":{"line":126,"column":30},"end":{"line":126,"column":60}},"type":"binary-expr","locations":[{"start":{"line":126,"column":30},"end":{"line":126,"column":54}},{"start":{"line":126,"column":59},"end":{"line":126,"column":60}}],"line":126},"13":{"loc":{"start":{"line":127,"column":44},"end":{"line":127,"column":75}},"type":"binary-expr","locations":[{"start":{"line":127,"column":44},"end":{"line":127,"column":69}},{"start":{"line":127,"column":73},"end":{"line":127,"column":75}}],"line":127},"14":{"loc":{"start":{"line":132,"column":4},"end":{"line":132,"column":89}},"type":"if","locations":[{"start":{"line":132,"column":4},"end":{"line":132,"column":89}},{"start":{},"end":{}}],"line":132},"15":{"loc":{"start":{"line":133,"column":4},"end":{"line":135,"column":5}},"type":"if","locations":[{"start":{"line":133,"column":4},"end":{"line":135,"column":5}},{"start":{},"end":{}}],"line":133},"16":{"loc":{"start":{"line":178,"column":4},"end":{"line":178,"column":105}},"type":"if","locations":[{"start":{"line":178,"column":4},"end":{"line":178,"column":105}},{"start":{},"end":{}}],"line":178},"17":{"loc":{"start":{"line":181,"column":4},"end":{"line":193,"column":5}},"type":"if","locations":[{"start":{"line":181,"column":4},"end":{"line":193,"column":5}},{"start":{"line":189,"column":11},"end":{"line":193,"column":5}}],"line":181},"18":{"loc":{"start":{"line":182,"column":6},"end":{"line":184,"column":7}},"type":"if","locations":[{"start":{"line":182,"column":6},"end":{"line":184,"column":7}},{"start":{},"end":{}}],"line":182},"19":{"loc":{"start":{"line":189,"column":11},"end":{"line":193,"column":5}},"type":"if","locations":[{"start":{"line":189,"column":11},"end":{"line":193,"column":5}},{"start":{},"end":{}}],"line":189},"20":{"loc":{"start":{"line":190,"column":6},"end":{"line":192,"column":7}},"type":"if","locations":[{"start":{"line":190,"column":6},"end":{"line":192,"column":7}},{"start":{},"end":{}}],"line":190},"21":{"loc":{"start":{"line":214,"column":4},"end":{"line":214,"column":105}},"type":"if","locations":[{"start":{"line":214,"column":4},"end":{"line":214,"column":105}},{"start":{},"end":{}}],"line":214},"22":{"loc":{"start":{"line":217,"column":4},"end":{"line":219,"column":5}},"type":"if","locations":[{"start":{"line":217,"column":4},"end":{"line":219,"column":5}},{"start":{},"end":{}}],"line":217},"23":{"loc":{"start":{"line":222,"column":4},"end":{"line":222,"column":60}},"type":"if","locations":[{"start":{"line":222,"column":4},"end":{"line":222,"column":60}},{"start":{},"end":{}}],"line":222},"24":{"loc":{"start":{"line":223,"column":4},"end":{"line":223,"column":95}},"type":"if","locations":[{"start":{"line":223,"column":4},"end":{"line":223,"column":95}},{"start":{},"end":{}}],"line":223},"25":{"loc":{"start":{"line":223,"column":8},"end":{"line":223,"column":49}},"type":"binary-expr","locations":[{"start":{"line":223,"column":8},"end":{"line":223,"column":29}},{"start":{"line":223,"column":33},"end":{"line":223,"column":49}}],"line":223},"26":{"loc":{"start":{"line":231,"column":161},"end":{"line":231,"column":215}},"type":"cond-expr","locations":[{"start":{"line":231,"column":180},"end":{"line":231,"column":210}},{"start":{"line":231,"column":213},"end":{"line":231,"column":215}}],"line":231},"27":{"loc":{"start":{"line":238,"column":15},"end":{"line":238,"column":98}},"type":"binary-expr","locations":[{"start":{"line":238,"column":15},"end":{"line":238,"column":37}},{"start":{"line":238,"column":41},"end":{"line":238,"column":98}}],"line":238},"28":{"loc":{"start":{"line":242,"column":4},"end":{"line":251,"column":5}},"type":"if","locations":[{"start":{"line":242,"column":4},"end":{"line":251,"column":5}},{"start":{},"end":{}}],"line":242},"29":{"loc":{"start":{"line":249,"column":25},"end":{"line":249,"column":77}},"type":"cond-expr","locations":[{"start":{"line":249,"column":49},"end":{"line":249,"column":65}},{"start":{"line":249,"column":68},"end":{"line":249,"column":77}}],"line":249},"30":{"loc":{"start":{"line":268,"column":4},"end":{"line":268,"column":105}},"type":"if","locations":[{"start":{"line":268,"column":4},"end":{"line":268,"column":105}},{"start":{},"end":{}}],"line":268},"31":{"loc":{"start":{"line":270,"column":4},"end":{"line":272,"column":5}},"type":"if","locations":[{"start":{"line":270,"column":4},"end":{"line":272,"column":5}},{"start":{},"end":{}}],"line":270},"32":{"loc":{"start":{"line":275,"column":4},"end":{"line":280,"column":5}},"type":"if","locations":[{"start":{"line":275,"column":4},"end":{"line":280,"column":5}},{"start":{},"end":{}}],"line":275},"33":{"loc":{"start":{"line":286,"column":4},"end":{"line":293,"column":5}},"type":"if","locations":[{"start":{"line":286,"column":4},"end":{"line":293,"column":5}},{"start":{},"end":{}}],"line":286}},"s":{"0":1,"1":1,"2":1,"3":1,"4":1,"5":1,"6":2,"7":2,"8":2,"9":1,"10":2,"11":1,"12":2,"13":1,"14":3,"15":3,"16":3,"17":3,"18":1,"19":2,"20":0,"21":2,"22":1,"23":1,"24":1,"25":0,"26":1,"27":1,"28":1,"29":1,"30":1,"31":1,"32":2,"33":1,"34":0,"35":1,"36":0,"37":0,"38":0,"39":0,"40":0,"41":0,"42":0,"43":0,"44":0,"45":0,"46":0,"47":0,"48":0,"49":0,"50":1,"51":0,"52":0,"53":0,"54":0,"55":0,"56":0,"57":0,"58":0,"59":0,"60":0,"61":0,"62":0,"63":0,"64":1,"65":0,"66":0,"67":0,"68":0,"69":0,"70":0,"71":0,"72":0,"73":0,"74":0,"75":0,"76":0,"77":0,"78":0,"79":0,"80":1,"81":1,"82":1,"83":1,"84":1,"85":0,"86":1,"87":0,"88":1,"89":1,"90":0,"91":1,"92":0,"93":1,"94":1,"95":1,"96":1,"97":1,"98":1,"99":0,"100":1,"101":1,"102":1,"103":1,"104":0,"105":1,"106":0,"107":1,"108":0,"109":1,"110":1,"111":1,"112":0,"113":0,"114":1,"115":0},"f":{"0":1,"1":2,"2":1,"3":3,"4":2,"5":0,"6":0,"7":0,"8":0,"9":0,"10":0,"11":1,"12":1,"13":0},"b":{"0":[1,0],"1":[1,1],"2":[1,2],"3":[0,2],"4":[1,1],"5":[2,1],"6":[0,1],"7":[0,1],"8":[1,0],"9":[0,0],"10":[0,0],"11":[0,0],"12":[0,0],"13":[0,0],"14":[0,0],"15":[0,0],"16":[0,0],"17":[0,0],"18":[0,0],"19":[0,0],"20":[0,0],"21":[0,1],"22":[0,1],"23":[0,1],"24":[0,1],"25":[1,0],"26":[0,1],"27":[1,0],"28":[1,0],"29":[0,1],"30":[0,1],"31":[0,1],"32":[0,1],"33":[0,1]},"_coverageSchema":"1a1c01bbd47fc00a2c39e90264f33305004495a9","hash":"973dfe79c96a15ed864db75434277acd4fd6d72a"}
,"C:\\Users\\karee\\OneDrive\\Desktop\\test\\revup-backend\\src\\controllers\\authController.js": {"path":"C:\\Users\\karee\\OneDrive\\Desktop\\test\\revup-backend\\src\\controllers\\authController.js","statementMap":{"0":{"start":{"line":3,"column":15},"end":{"line":3,"column":34}},"1":{"start":{"line":4,"column":12},"end":{"line":4,"column":35}},"2":{"start":{"line":5,"column":23},"end":{"line":5,"column":38}},"3":{"start":{"line":6,"column":31},"end":{"line":6,"column":51}},"4":{"start":{"line":7,"column":67},"end":{"line":7,"column":102}},"5":{"start":{"line":10,"column":22},"end":{"line":13,"column":4}},"6":{"start":{"line":11,"column":2},"end":{"line":13,"column":4}},"7":{"start":{"line":15,"column":29},"end":{"line":24,"column":1}},"8":{"start":{"line":16,"column":16},"end":{"line":16,"column":24}},"9":{"start":{"line":17,"column":20},"end":{"line":17,"column":66}},"10":{"start":{"line":18,"column":2},"end":{"line":22,"column":5}},"11":{"start":{"line":23,"column":2},"end":{"line":23,"column":15}},"12":{"start":{"line":27,"column":0},"end":{"line":58,"column":2}},"13":{"start":{"line":28,"column":2},"end":{"line":57,"column":3}},"14":{"start":{"line":29,"column":44},"end":{"line":29,"column":52}},"15":{"start":{"line":31,"column":19},"end":{"line":31,"column":59}},"16":{"start":{"line":32,"column":4},"end":{"line":32,"column":102}},"17":{"start":{"line":32,"column":16},"end":{"line":32,"column":102}},"18":{"start":{"line":34,"column":27},"end":{"line":34,"column":58}},"19":{"start":{"line":35,"column":17},"end":{"line":35,"column":101}},"20":{"start":{"line":38,"column":4},"end":{"line":38,"column":63}},"21":{"start":{"line":40,"column":18},"end":{"line":40,"column":37}},"22":{"start":{"line":41,"column":25},"end":{"line":41,"column":57}},"23":{"start":{"line":43,"column":4},"end":{"line":48,"column":7}},"24":{"start":{"line":49,"column":4},"end":{"line":54,"column":7}},"25":{"start":{"line":56,"column":4},"end":{"line":56,"column":14}},"26":{"start":{"line":61,"column":0},"end":{"line":106,"column":2}},"27":{"start":{"line":62,"column":2},"end":{"line":105,"column":3}},"28":{"start":{"line":63,"column":32},"end":{"line":63,"column":40}},"29":{"start":{"line":65,"column":17},"end":{"line":65,"column":57}},"30":{"start":{"line":66,"column":4},"end":{"line":66,"column":102}},"31":{"start":{"line":66,"column":15},"end":{"line":66,"column":102}},"32":{"start":{"line":68,"column":20},"end":{"line":68,"column":65}},"33":{"start":{"line":69,"column":4},"end":{"line":69,"column":105}},"34":{"start":{"line":69,"column":18},"end":{"line":69,"column":105}},"35":{"start":{"line":71,"column":4},"end":{"line":73,"column":5}},"36":{"start":{"line":72,"column":6},"end":{"line":72,"column":123}},"37":{"start":{"line":76,"column":20},"end":{"line":76,"column":71}},"38":{"start":{"line":77,"column":22},"end":{"line":77,"column":52}},"39":{"start":{"line":78,"column":22},"end":{"line":78,"column":59}},"40":{"start":{"line":80,"column":4},"end":{"line":80,"column":70}},"41":{"start":{"line":83,"column":4},"end":{"line":88,"column":5}},"42":{"start":{"line":84,"column":6},"end":{"line":84,"column":77}},"43":{"start":{"line":86,"column":6},"end":{"line":86,"column":73}},"44":{"start":{"line":87,"column":6},"end":{"line":87,"column":119}},"45":{"start":{"line":91,"column":21},"end":{"line":95,"column":5}},"46":{"start":{"line":97,"column":4},"end":{"line":102,"column":7}},"47":{"start":{"line":104,"column":4},"end":{"line":104,"column":14}},"48":{"start":{"line":109,"column":0},"end":{"line":169,"column":2}},"49":{"start":{"line":110,"column":2},"end":{"line":168,"column":3}},"50":{"start":{"line":111,"column":32},"end":{"line":111,"column":40}},"51":{"start":{"line":113,"column":4},"end":{"line":115,"column":5}},"52":{"start":{"line":114,"column":6},"end":{"line":114,"column":99}},"53":{"start":{"line":119,"column":4},"end":{"line":123,"column":5}},"54":{"start":{"line":120,"column":6},"end":{"line":120,"column":62}},"55":{"start":{"line":122,"column":6},"end":{"line":122,"column":117}},"56":{"start":{"line":125,"column":4},"end":{"line":127,"column":5}},"57":{"start":{"line":126,"column":6},"end":{"line":126,"column":81}},"58":{"start":{"line":130,"column":17},"end":{"line":130,"column":48}},"59":{"start":{"line":131,"column":4},"end":{"line":133,"column":5}},"60":{"start":{"line":132,"column":6},"end":{"line":132,"column":118}},"61":{"start":{"line":136,"column":4},"end":{"line":139,"column":5}},"62":{"start":{"line":137,"column":6},"end":{"line":137,"column":62}},"63":{"start":{"line":138,"column":6},"end":{"line":138,"column":118}},"64":{"start":{"line":142,"column":20},"end":{"line":142,"column":69}},"65":{"start":{"line":143,"column":4},"end":{"line":145,"column":5}},"66":{"start":{"line":144,"column":6},"end":{"line":144,"column":93}},"67":{"start":{"line":148,"column":4},"end":{"line":148,"column":60}},"68":{"start":{"line":150,"column":18},"end":{"line":150,"column":37}},"69":{"start":{"line":151,"column":25},"end":{"line":151,"column":57}},"70":{"start":{"line":153,"column":4},"end":{"line":158,"column":7}},"71":{"start":{"line":160,"column":4},"end":{"line":165,"column":7}},"72":{"start":{"line":167,"column":4},"end":{"line":167,"column":14}},"73":{"start":{"line":173,"column":0},"end":{"line":198,"column":2}},"74":{"start":{"line":174,"column":2},"end":{"line":197,"column":3}},"75":{"start":{"line":175,"column":22},"end":{"line":175,"column":30}},"76":{"start":{"line":176,"column":17},"end":{"line":176,"column":57}},"77":{"start":{"line":179,"column":4},"end":{"line":181,"column":5}},"78":{"start":{"line":180,"column":6},"end":{"line":180,"column":115}},"79":{"start":{"line":183,"column":18},"end":{"line":183,"column":26}},"80":{"start":{"line":184,"column":19},"end":{"line":184,"column":56}},"81":{"start":{"line":186,"column":4},"end":{"line":186,"column":74}},"82":{"start":{"line":188,"column":4},"end":{"line":192,"column":9}},"83":{"start":{"line":189,"column":18},"end":{"line":189,"column":86}},"84":{"start":{"line":191,"column":8},"end":{"line":191,"column":89}},"85":{"start":{"line":194,"column":4},"end":{"line":194,"column":113}},"86":{"start":{"line":196,"column":4},"end":{"line":196,"column":14}},"87":{"start":{"line":201,"column":0},"end":{"line":219,"column":2}},"88":{"start":{"line":202,"column":2},"end":{"line":218,"column":3}},"89":{"start":{"line":203,"column":22},"end":{"line":203,"column":32}},"90":{"start":{"line":204,"column":25},"end":{"line":204,"column":33}},"91":{"start":{"line":206,"column":17},"end":{"line":206,"column":70}},"92":{"start":{"line":208,"column":4},"end":{"line":210,"column":5}},"93":{"start":{"line":209,"column":6},"end":{"line":209,"column":105}},"94":{"start":{"line":212,"column":27},"end":{"line":212,"column":58}},"95":{"start":{"line":213,"column":4},"end":{"line":213,"column":136}},"96":{"start":{"line":215,"column":4},"end":{"line":215,"column":115}},"97":{"start":{"line":217,"column":4},"end":{"line":217,"column":14}},"98":{"start":{"line":222,"column":0},"end":{"line":237,"column":2}},"99":{"start":{"line":223,"column":2},"end":{"line":236,"column":3}},"100":{"start":{"line":224,"column":41},"end":{"line":224,"column":49}},"101":{"start":{"line":226,"column":17},"end":{"line":226,"column":49}},"102":{"start":{"line":227,"column":20},"end":{"line":227,"column":68}},"103":{"start":{"line":228,"column":4},"end":{"line":228,"column":109}},"104":{"start":{"line":228,"column":18},"end":{"line":228,"column":109}},"105":{"start":{"line":230,"column":27},"end":{"line":230,"column":61}},"106":{"start":{"line":231,"column":4},"end":{"line":231,"column":91}},"107":{"start":{"line":233,"column":4},"end":{"line":233,"column":94}},"108":{"start":{"line":235,"column":4},"end":{"line":235,"column":14}},"109":{"start":{"line":240,"column":0},"end":{"line":247,"column":2}},"110":{"start":{"line":241,"column":2},"end":{"line":246,"column":3}},"111":{"start":{"line":243,"column":4},"end":{"line":243,"column":67}},"112":{"start":{"line":245,"column":4},"end":{"line":245,"column":14}},"113":{"start":{"line":250,"column":0},"end":{"line":273,"column":2}},"114":{"start":{"line":251,"column":2},"end":{"line":272,"column":3}},"115":{"start":{"line":252,"column":29},"end":{"line":252,"column":40}},"116":{"start":{"line":253,"column":4},"end":{"line":255,"column":5}},"117":{"start":{"line":254,"column":6},"end":{"line":254,"column":93}},"118":{"start":{"line":257,"column":23},"end":{"line":257,"column":85}},"119":{"start":{"line":258,"column":4},"end":{"line":261,"column":5}},"120":{"start":{"line":259,"column":6},"end":{"line":259,"column":49}},"121":{"start":{"line":259,"column":22},"end":{"line":259,"column":49}},"122":{"start":{"line":260,"column":6},"end":{"line":260,"column":120}},"123":{"start":{"line":263,"column":17},"end":{"line":263,"column":56}},"124":{"start":{"line":264,"column":4},"end":{"line":266,"column":5}},"125":{"start":{"line":265,"column":6},"end":{"line":265,"column":93}},"126":{"start":{"line":268,"column":27},"end":{"line":268,"column":46}},"127":{"start":{"line":269,"column":4},"end":{"line":269,"column":74}},"128":{"start":{"line":271,"column":4},"end":{"line":271,"column":14}},"129":{"start":{"line":276,"column":0},"end":{"line":287,"column":2}},"130":{"start":{"line":277,"column":2},"end":{"line":286,"column":3}},"131":{"start":{"line":278,"column":29},"end":{"line":278,"column":40}},"132":{"start":{"line":279,"column":4},"end":{"line":281,"column":5}},"133":{"start":{"line":280,"column":6},"end":{"line":280,"column":69}},"134":{"start":{"line":282,"column":4},"end":{"line":282,"column":36}},"135":{"start":{"line":283,"column":4},"end":{"line":283,"column":88}},"136":{"start":{"line":285,"column":4},"end":{"line":285,"column":14}},"137":{"start":{"line":292,"column":0},"end":{"line":316,"column":2}},"138":{"start":{"line":293,"column":15},"end":{"line":293,"column":23}},"139":{"start":{"line":295,"column":2},"end":{"line":299,"column":3}},"140":{"start":{"line":296,"column":4},"end":{"line":298,"column":6}},"141":{"start":{"line":301,"column":16},"end":{"line":301,"column":35}},"142":{"start":{"line":302,"column":23},"end":{"line":302,"column":55}},"143":{"start":{"line":304,"column":2},"end":{"line":309,"column":5}},"144":{"start":{"line":310,"column":16},"end":{"line":310,"column":39}},"145":{"start":{"line":313,"column":2},"end":{"line":315,"column":4}},"146":{"start":{"line":321,"column":0},"end":{"line":369,"column":2}},"147":{"start":{"line":322,"column":2},"end":{"line":368,"column":3}},"148":{"start":{"line":323,"column":21},"end":{"line":323,"column":29}},"149":{"start":{"line":325,"column":4},"end":{"line":330,"column":5}},"150":{"start":{"line":326,"column":6},"end":{"line":329,"column":9}},"151":{"start":{"line":332,"column":17},"end":{"line":332,"column":49}},"152":{"start":{"line":334,"column":4},"end":{"line":336,"column":5}},"153":{"start":{"line":335,"column":6},"end":{"line":335,"column":82}},"154":{"start":{"line":338,"column":4},"end":{"line":343,"column":5}},"155":{"start":{"line":339,"column":6},"end":{"line":342,"column":9}},"156":{"start":{"line":345,"column":4},"end":{"line":345,"column":32}},"157":{"start":{"line":348,"column":18},"end":{"line":348,"column":37}},"158":{"start":{"line":349,"column":25},"end":{"line":349,"column":57}},"159":{"start":{"line":351,"column":4},"end":{"line":356,"column":7}},"160":{"start":{"line":358,"column":4},"end":{"line":358,"column":79}},"161":{"start":{"line":360,"column":4},"end":{"line":365,"column":7}},"162":{"start":{"line":367,"column":4},"end":{"line":367,"column":14}}},"fnMap":{"0":{"name":"(anonymous_0)","decl":{"start":{"line":10,"column":22},"end":{"line":10,"column":23}},"loc":{"start":{"line":11,"column":2},"end":{"line":13,"column":4}},"line":11},"1":{"name":"(anonymous_1)","decl":{"start":{"line":15,"column":29},"end":{"line":15,"column":30}},"loc":{"start":{"line":15,"column":45},"end":{"line":24,"column":1}},"line":15},"2":{"name":"(anonymous_2)","decl":{"start":{"line":27,"column":19},"end":{"line":27,"column":20}},"loc":{"start":{"line":27,"column":45},"end":{"line":58,"column":1}},"line":27},"3":{"name":"(anonymous_3)","decl":{"start":{"line":61,"column":16},"end":{"line":61,"column":17}},"loc":{"start":{"line":61,"column":42},"end":{"line":106,"column":1}},"line":61},"4":{"name":"(anonymous_4)","decl":{"start":{"line":109,"column":20},"end":{"line":109,"column":21}},"loc":{"start":{"line":109,"column":46},"end":{"line":169,"column":1}},"line":109},"5":{"name":"(anonymous_5)","decl":{"start":{"line":173,"column":25},"end":{"line":173,"column":26}},"loc":{"start":{"line":173,"column":51},"end":{"line":198,"column":1}},"line":173},"6":{"name":"(anonymous_6)","decl":{"start":{"line":189,"column":12},"end":{"line":189,"column":13}},"loc":{"start":{"line":189,"column":18},"end":{"line":189,"column":86}},"line":189},"7":{"name":"(anonymous_7)","decl":{"start":{"line":190,"column":13},"end":{"line":190,"column":14}},"loc":{"start":{"line":190,"column":22},"end":{"line":192,"column":7}},"line":190},"8":{"name":"(anonymous_8)","decl":{"start":{"line":201,"column":24},"end":{"line":201,"column":25}},"loc":{"start":{"line":201,"column":50},"end":{"line":219,"column":1}},"line":201},"9":{"name":"(anonymous_9)","decl":{"start":{"line":222,"column":25},"end":{"line":222,"column":26}},"loc":{"start":{"line":222,"column":51},"end":{"line":237,"column":1}},"line":222},"10":{"name":"(anonymous_10)","decl":{"start":{"line":240,"column":16},"end":{"line":240,"column":17}},"loc":{"start":{"line":240,"column":42},"end":{"line":247,"column":1}},"line":240},"11":{"name":"(anonymous_11)","decl":{"start":{"line":250,"column":23},"end":{"line":250,"column":24}},"loc":{"start":{"line":250,"column":49},"end":{"line":273,"column":1}},"line":250},"12":{"name":"(anonymous_12)","decl":{"start":{"line":276,"column":17},"end":{"line":276,"column":18}},"loc":{"start":{"line":276,"column":43},"end":{"line":287,"column":1}},"line":276},"13":{"name":"(anonymous_13)","decl":{"start":{"line":292,"column":24},"end":{"line":292,"column":25}},"loc":{"start":{"line":292,"column":44},"end":{"line":316,"column":1}},"line":292},"14":{"name":"(anonymous_14)","decl":{"start":{"line":321,"column":26},"end":{"line":321,"column":27}},"loc":{"start":{"line":321,"column":52},"end":{"line":369,"column":1}},"line":321}},"branchMap":{"0":{"loc":{"start":{"line":12,"column":15},"end":{"line":12,"column":50}},"type":"binary-expr","locations":[{"start":{"line":12,"column":15},"end":{"line":12,"column":41}},{"start":{"line":12,"column":45},"end":{"line":12,"column":50}}],"line":12},"1":{"loc":{"start":{"line":32,"column":4},"end":{"line":32,"column":102}},"type":"if","locations":[{"start":{"line":32,"column":4},"end":{"line":32,"column":102}},{"start":{},"end":{}}],"line":32},"2":{"loc":{"start":{"line":35,"column":82},"end":{"line":35,"column":98}},"type":"binary-expr","locations":[{"start":{"line":35,"column":82},"end":{"line":35,"column":86}},{"start":{"line":35,"column":90},"end":{"line":35,"column":98}}],"line":35},"3":{"loc":{"start":{"line":66,"column":4},"end":{"line":66,"column":102}},"type":"if","locations":[{"start":{"line":66,"column":4},"end":{"line":66,"column":102}},{"start":{},"end":{}}],"line":66},"4":{"loc":{"start":{"line":69,"column":4},"end":{"line":69,"column":105}},"type":"if","locations":[{"start":{"line":69,"column":4},"end":{"line":69,"column":105}},{"start":{},"end":{}}],"line":69},"5":{"loc":{"start":{"line":71,"column":4},"end":{"line":73,"column":5}},"type":"if","locations":[{"start":{"line":71,"column":4},"end":{"line":73,"column":5}},{"start":{},"end":{}}],"line":71},"6":{"loc":{"start":{"line":113,"column":4},"end":{"line":115,"column":5}},"type":"if","locations":[{"start":{"line":113,"column":4},"end":{"line":115,"column":5}},{"start":{},"end":{}}],"line":113},"7":{"loc":{"start":{"line":113,"column":8},"end":{"line":113,"column":27}},"type":"binary-expr","locations":[{"start":{"line":113,"column":8},"end":{"line":113,"column":18}},{"start":{"line":113,"column":22},"end":{"line":113,"column":27}}],"line":113},"8":{"loc":{"start":{"line":125,"column":4},"end":{"line":127,"column":5}},"type":"if","locations":[{"start":{"line":125,"column":4},"end":{"line":127,"column":5}},{"start":{},"end":{}}],"line":125},"9":{"loc":{"start":{"line":131,"column":4},"end":{"line":133,"column":5}},"type":"if","locations":[{"start":{"line":131,"column":4},"end":{"line":133,"column":5}},{"start":{},"end":{}}],"line":131},"10":{"loc":{"start":{"line":131,"column":8},"end":{"line":131,"column":51}},"type":"binary-expr","locations":[{"start":{"line":131,"column":8},"end":{"line":131,"column":13}},{"start":{"line":131,"column":17},"end":{"line":131,"column":31}},{"start":{"line":131,"column":35},"end":{"line":131,"column":51}}],"line":131},"11":{"loc":{"start":{"line":136,"column":4},"end":{"line":139,"column":5}},"type":"if","locations":[{"start":{"line":136,"column":4},"end":{"line":139,"column":5}},{"start":{},"end":{}}],"line":136},"12":{"loc":{"start":{"line":143,"column":4},"end":{"line":145,"column":5}},"type":"if","locations":[{"start":{"line":143,"column":4},"end":{"line":145,"column":5}},{"start":{},"end":{}}],"line":143},"13":{"loc":{"start":{"line":179,"column":4},"end":{"line":181,"column":5}},"type":"if","locations":[{"start":{"line":179,"column":4},"end":{"line":181,"column":5}},{"start":{},"end":{}}],"line":179},"14":{"loc":{"start":{"line":208,"column":4},"end":{"line":210,"column":5}},"type":"if","locations":[{"start":{"line":208,"column":4},"end":{"line":210,"column":5}},{"start":{},"end":{}}],"line":208},"15":{"loc":{"start":{"line":208,"column":8},"end":{"line":208,"column":81}},"type":"binary-expr","locations":[{"start":{"line":208,"column":8},"end":{"line":208,"column":13}},{"start":{"line":208,"column":17},"end":{"line":208,"column":41}},{"start":{"line":208,"column":45},"end":{"line":208,"column":81}}],"line":208},"16":{"loc":{"start":{"line":228,"column":4},"end":{"line":228,"column":109}},"type":"if","locations":[{"start":{"line":228,"column":4},"end":{"line":228,"column":109}},{"start":{},"end":{}}],"line":228},"17":{"loc":{"start":{"line":253,"column":4},"end":{"line":255,"column":5}},"type":"if","locations":[{"start":{"line":253,"column":4},"end":{"line":255,"column":5}},{"start":{},"end":{}}],"line":253},"18":{"loc":{"start":{"line":258,"column":4},"end":{"line":261,"column":5}},"type":"if","locations":[{"start":{"line":258,"column":4},"end":{"line":261,"column":5}},{"start":{},"end":{}}],"line":258},"19":{"loc":{"start":{"line":258,"column":8},"end":{"line":258,"column":57}},"type":"binary-expr","locations":[{"start":{"line":258,"column":8},"end":{"line":258,"column":19}},{"start":{"line":258,"column":23},"end":{"line":258,"column":57}}],"line":258},"20":{"loc":{"start":{"line":259,"column":6},"end":{"line":259,"column":49}},"type":"if","locations":[{"start":{"line":259,"column":6},"end":{"line":259,"column":49}},{"start":{},"end":{}}],"line":259},"21":{"loc":{"start":{"line":264,"column":4},"end":{"line":266,"column":5}},"type":"if","locations":[{"start":{"line":264,"column":4},"end":{"line":266,"column":5}},{"start":{},"end":{}}],"line":264},"22":{"loc":{"start":{"line":264,"column":8},"end":{"line":264,"column":44}},"type":"binary-expr","locations":[{"start":{"line":264,"column":8},"end":{"line":264,"column":13}},{"start":{"line":264,"column":17},"end":{"line":264,"column":44}}],"line":264},"23":{"loc":{"start":{"line":279,"column":4},"end":{"line":281,"column":5}},"type":"if","locations":[{"start":{"line":279,"column":4},"end":{"line":281,"column":5}},{"start":{},"end":{}}],"line":279},"24":{"loc":{"start":{"line":295,"column":2},"end":{"line":299,"column":3}},"type":"if","locations":[{"start":{"line":295,"column":2},"end":{"line":299,"column":3}},{"start":{},"end":{}}],"line":295},"25":{"loc":{"start":{"line":325,"column":4},"end":{"line":330,"column":5}},"type":"if","locations":[{"start":{"line":325,"column":4},"end":{"line":330,"column":5}},{"start":{},"end":{}}],"line":325},"26":{"loc":{"start":{"line":334,"column":4},"end":{"line":336,"column":5}},"type":"if","locations":[{"start":{"line":334,"column":4},"end":{"line":336,"column":5}},{"start":{},"end":{}}],"line":334},"27":{"loc":{"start":{"line":338,"column":4},"end":{"line":343,"column":5}},"type":"if","locations":[{"start":{"line":338,"column":4},"end":{"line":343,"column":5}},{"start":{},"end":{}}],"line":338}},"s":{"0":1,"1":1,"2":1,"3":1,"4":1,"5":1,"6":1,"7":1,"8":1,"9":1,"10":1,"11":1,"12":1,"13":0,"14":0,"15":0,"16":0,"17":0,"18":0,"19":0,"20":0,"21":0,"22":0,"23":0,"24":0,"25":0,"26":1,"27":4,"28":4,"29":4,"30":4,"31":1,"32":3,"33":3,"34":1,"35":2,"36":1,"37":1,"38":1,"39":1,"40":1,"41":1,"42":1,"43":0,"44":0,"45":1,"46":1,"47":0,"48":1,"49":5,"50":5,"51":5,"52":1,"53":4,"54":4,"55":1,"56":3,"57":1,"58":2,"59":2,"60":0,"61":2,"62":0,"63":0,"64":2,"65":2,"66":1,"67":1,"68":1,"69":1,"70":1,"71":1,"72":0,"73":1,"74":0,"75":0,"76":0,"77":0,"78":0,"79":0,"80":0,"81":0,"82":0,"83":0,"84":0,"85":0,"86":0,"87":1,"88":0,"89":0,"90":0,"91":0,"92":0,"93":0,"94":0,"95":0,"96":0,"97":0,"98":1,"99":0,"100":0,"101":0,"102":0,"103":0,"104":0,"105":0,"106":0,"107":0,"108":0,"109":1,"110":0,"111":0,"112":0,"113":1,"114":0,"115":0,"116":0,"117":0,"118":0,"119":0,"120":0,"121":0,"122":0,"123":0,"124":0,"125":0,"126":0,"127":0,"128":0,"129":1,"130":0,"131":0,"132":0,"133":0,"134":0,"135":0,"136":0,"137":1,"138":0,"139":0,"140":0,"141":0,"142":0,"143":0,"144":0,"145":0,"146":1,"147":0,"148":0,"149":0,"150":0,"151":0,"152":0,"153":0,"154":0,"155":0,"156":0,"157":0,"158":0,"159":0,"160":0,"161":0,"162":0},"f":{"0":1,"1":1,"2":0,"3":4,"4":5,"5":0,"6":0,"7":0,"8":0,"9":0,"10":0,"11":0,"12":0,"13":0,"14":0},"b":{"0":[1,1],"1":[0,0],"2":[0,0],"3":[1,3],"4":[1,2],"5":[1,1],"6":[1,4],"7":[5,5],"8":[1,2],"9":[0,2],"10":[2,2,2],"11":[0,2],"12":[1,1],"13":[0,0],"14":[0,0],"15":[0,0,0],"16":[0,0],"17":[0,0],"18":[0,0],"19":[0,0],"20":[0,0],"21":[0,0],"22":[0,0],"23":[0,0],"24":[0,0],"25":[0,0],"26":[0,0],"27":[0,0]},"_coverageSchema":"1a1c01bbd47fc00a2c39e90264f33305004495a9","hash":"952370db17fd636e0595dd8528c5ad4f8bc31441"}
,"C:\\Users\\karee\\OneDrive\\Desktop\\test\\revup-backend\\src\\controllers\\companyController.js": {"path":"C:\\Users\\karee\\OneDrive\\Desktop\\test\\revup-backend\\src\\controllers\\companyController.js","statementMap":{"0":{"start":{"line":3,"column":44},"end":{"line":3,"column":64}},"1":{"start":{"line":7,"column":28},"end":{"line":18,"column":1}},"2":{"start":{"line":9,"column":16},"end":{"line":9,"column":74}},"3":{"start":{"line":10,"column":2},"end":{"line":10,"column":26}},"4":{"start":{"line":10,"column":13},"end":{"line":10,"column":26}},"5":{"start":{"line":13,"column":15},"end":{"line":13,"column":80}},"6":{"start":{"line":14,"column":2},"end":{"line":16,"column":3}},"7":{"start":{"line":15,"column":4},"end":{"line":15,"column":51}},"8":{"start":{"line":17,"column":2},"end":{"line":17,"column":14}},"9":{"start":{"line":21,"column":0},"end":{"line":31,"column":2}},"10":{"start":{"line":22,"column":2},"end":{"line":30,"column":3}},"11":{"start":{"line":23,"column":22},"end":{"line":26,"column":6}},"12":{"start":{"line":27,"column":4},"end":{"line":27,"column":68}},"13":{"start":{"line":29,"column":4},"end":{"line":29,"column":14}},"14":{"start":{"line":34,"column":0},"end":{"line":47,"column":2}},"15":{"start":{"line":35,"column":2},"end":{"line":46,"column":3}},"16":{"start":{"line":36,"column":20},"end":{"line":41,"column":6}},"17":{"start":{"line":42,"column":4},"end":{"line":42,"column":97}},"18":{"start":{"line":42,"column":18},"end":{"line":42,"column":97}},"19":{"start":{"line":43,"column":4},"end":{"line":43,"column":66}},"20":{"start":{"line":45,"column":4},"end":{"line":45,"column":14}},"21":{"start":{"line":50,"column":0},"end":{"line":58,"column":2}},"22":{"start":{"line":51,"column":2},"end":{"line":57,"column":3}},"23":{"start":{"line":52,"column":20},"end":{"line":52,"column":58}},"24":{"start":{"line":53,"column":4},"end":{"line":53,"column":123}},"25":{"start":{"line":53,"column":18},"end":{"line":53,"column":123}},"26":{"start":{"line":54,"column":4},"end":{"line":54,"column":66}},"27":{"start":{"line":56,"column":4},"end":{"line":56,"column":14}},"28":{"start":{"line":61,"column":0},"end":{"line":76,"column":2}},"29":{"start":{"line":62,"column":2},"end":{"line":75,"column":3}},"30":{"start":{"line":63,"column":19},"end":{"line":63,"column":82}},"31":{"start":{"line":64,"column":4},"end":{"line":64,"column":111}},"32":{"start":{"line":64,"column":16},"end":{"line":64,"column":111}},"33":{"start":{"line":66,"column":43},"end":{"line":66,"column":51}},"34":{"start":{"line":67,"column":20},"end":{"line":67,"column":99}},"35":{"start":{"line":70,"column":4},"end":{"line":70,"column":82}},"36":{"start":{"line":72,"column":4},"end":{"line":72,"column":103}},"37":{"start":{"line":74,"column":4},"end":{"line":74,"column":14}},"38":{"start":{"line":79,"column":0},"end":{"line":98,"column":2}},"39":{"start":{"line":80,"column":2},"end":{"line":97,"column":3}},"40":{"start":{"line":81,"column":20},"end":{"line":81,"column":58}},"41":{"start":{"line":82,"column":4},"end":{"line":82,"column":97}},"42":{"start":{"line":82,"column":18},"end":{"line":82,"column":97}},"43":{"start":{"line":84,"column":43},"end":{"line":84,"column":51}},"44":{"start":{"line":85,"column":20},"end":{"line":85,"column":59}},"45":{"start":{"line":87,"column":4},"end":{"line":92,"column":7}},"46":{"start":{"line":94,"column":4},"end":{"line":94,"column":95}},"47":{"start":{"line":96,"column":4},"end":{"line":96,"column":14}},"48":{"start":{"line":101,"column":0},"end":{"line":127,"column":2}},"49":{"start":{"line":102,"column":2},"end":{"line":126,"column":3}},"50":{"start":{"line":103,"column":20},"end":{"line":103,"column":58}},"51":{"start":{"line":104,"column":4},"end":{"line":104,"column":119}},"52":{"start":{"line":104,"column":18},"end":{"line":104,"column":119}},"53":{"start":{"line":106,"column":22},"end":{"line":106,"column":76}},"54":{"start":{"line":107,"column":21},"end":{"line":107,"column":91}},"55":{"start":{"line":109,"column":19},"end":{"line":109,"column":114}},"56":{"start":{"line":109,"column":109},"end":{"line":109,"column":113}},"57":{"start":{"line":110,"column":30},"end":{"line":110,"column":108}},"58":{"start":{"line":112,"column":27},"end":{"line":112,"column":82}},"59":{"start":{"line":114,"column":4},"end":{"line":123,"column":7}},"60":{"start":{"line":125,"column":4},"end":{"line":125,"column":14}},"61":{"start":{"line":131,"column":0},"end":{"line":165,"column":2}},"62":{"start":{"line":132,"column":2},"end":{"line":164,"column":3}},"63":{"start":{"line":134,"column":20},"end":{"line":134,"column":83}},"64":{"start":{"line":135,"column":4},"end":{"line":137,"column":5}},"65":{"start":{"line":136,"column":6},"end":{"line":136,"column":112}},"66":{"start":{"line":139,"column":22},"end":{"line":139,"column":30}},"67":{"start":{"line":140,"column":4},"end":{"line":140,"column":105}},"68":{"start":{"line":140,"column":16},"end":{"line":140,"column":105}},"69":{"start":{"line":142,"column":22},"end":{"line":142,"column":81}},"70":{"start":{"line":143,"column":4},"end":{"line":145,"column":5}},"71":{"start":{"line":144,"column":6},"end":{"line":144,"column":110}},"72":{"start":{"line":147,"column":4},"end":{"line":149,"column":5}},"73":{"start":{"line":148,"column":6},"end":{"line":148,"column":121}},"74":{"start":{"line":151,"column":4},"end":{"line":153,"column":5}},"75":{"start":{"line":152,"column":6},"end":{"line":152,"column":114}},"76":{"start":{"line":155,"column":4},"end":{"line":155,"column":55}},"77":{"start":{"line":157,"column":4},"end":{"line":161,"column":7}},"78":{"start":{"line":163,"column":4},"end":{"line":163,"column":14}},"79":{"start":{"line":169,"column":0},"end":{"line":194,"column":2}},"80":{"start":{"line":170,"column":2},"end":{"line":193,"column":3}},"81":{"start":{"line":171,"column":20},"end":{"line":171,"column":83}},"82":{"start":{"line":172,"column":4},"end":{"line":174,"column":5}},"83":{"start":{"line":173,"column":6},"end":{"line":173,"column":112}},"84":{"start":{"line":176,"column":24},"end":{"line":176,"column":56}},"85":{"start":{"line":179,"column":4},"end":{"line":181,"column":5}},"86":{"start":{"line":180,"column":6},"end":{"line":180,"column":127}},"87":{"start":{"line":183,"column":22},"end":{"line":183,"column":96}},"88":{"start":{"line":184,"column":4},"end":{"line":186,"column":5}},"89":{"start":{"line":185,"column":6},"end":{"line":185,"column":103}},"90":{"start":{"line":188,"column":4},"end":{"line":188,"column":49}},"91":{"start":{"line":190,"column":4},"end":{"line":190,"column":120}},"92":{"start":{"line":192,"column":4},"end":{"line":192,"column":14}},"93":{"start":{"line":198,"column":0},"end":{"line":212,"column":2}},"94":{"start":{"line":199,"column":2},"end":{"line":211,"column":3}},"95":{"start":{"line":200,"column":20},"end":{"line":200,"column":58}},"96":{"start":{"line":201,"column":4},"end":{"line":201,"column":119}},"97":{"start":{"line":201,"column":18},"end":{"line":201,"column":119}},"98":{"start":{"line":203,"column":23},"end":{"line":206,"column":6}},"99":{"start":{"line":208,"column":4},"end":{"line":208,"column":69}},"100":{"start":{"line":210,"column":4},"end":{"line":210,"column":14}},"101":{"start":{"line":214,"column":0},"end":{"line":214,"column":25}}},"fnMap":{"0":{"name":"(anonymous_0)","decl":{"start":{"line":7,"column":28},"end":{"line":7,"column":29}},"loc":{"start":{"line":7,"column":46},"end":{"line":18,"column":1}},"line":7},"1":{"name":"(anonymous_1)","decl":{"start":{"line":21,"column":26},"end":{"line":21,"column":27}},"loc":{"start":{"line":21,"column":52},"end":{"line":31,"column":1}},"line":21},"2":{"name":"(anonymous_2)","decl":{"start":{"line":34,"column":25},"end":{"line":34,"column":26}},"loc":{"start":{"line":34,"column":51},"end":{"line":47,"column":1}},"line":34},"3":{"name":"(anonymous_3)","decl":{"start":{"line":50,"column":23},"end":{"line":50,"column":24}},"loc":{"start":{"line":50,"column":49},"end":{"line":58,"column":1}},"line":50},"4":{"name":"(anonymous_4)","decl":{"start":{"line":61,"column":24},"end":{"line":61,"column":25}},"loc":{"start":{"line":61,"column":50},"end":{"line":76,"column":1}},"line":61},"5":{"name":"(anonymous_5)","decl":{"start":{"line":79,"column":24},"end":{"line":79,"column":25}},"loc":{"start":{"line":79,"column":50},"end":{"line":98,"column":1}},"line":79},"6":{"name":"(anonymous_6)","decl":{"start":{"line":101,"column":26},"end":{"line":101,"column":27}},"loc":{"start":{"line":101,"column":52},"end":{"line":127,"column":1}},"line":101},"7":{"name":"(anonymous_7)","decl":{"start":{"line":109,"column":102},"end":{"line":109,"column":103}},"loc":{"start":{"line":109,"column":109},"end":{"line":109,"column":113}},"line":109},"8":{"name":"(anonymous_8)","decl":{"start":{"line":131,"column":26},"end":{"line":131,"column":27}},"loc":{"start":{"line":131,"column":52},"end":{"line":165,"column":1}},"line":131},"9":{"name":"(anonymous_9)","decl":{"start":{"line":169,"column":26},"end":{"line":169,"column":27}},"loc":{"start":{"line":169,"column":52},"end":{"line":194,"column":1}},"line":169},"10":{"name":"(anonymous_10)","decl":{"start":{"line":198,"column":31},"end":{"line":198,"column":32}},"loc":{"start":{"line":198,"column":57},"end":{"line":212,"column":1}},"line":198}},"branchMap":{"0":{"loc":{"start":{"line":10,"column":2},"end":{"line":10,"column":26}},"type":"if","locations":[{"start":{"line":10,"column":2},"end":{"line":10,"column":26}},{"start":{},"end":{}}],"line":10},"1":{"loc":{"start":{"line":14,"column":2},"end":{"line":16,"column":3}},"type":"if","locations":[{"start":{"line":14,"column":2},"end":{"line":16,"column":3}},{"start":{},"end":{}}],"line":14},"2":{"loc":{"start":{"line":14,"column":6},"end":{"line":14,"column":29}},"type":"binary-expr","locations":[{"start":{"line":14,"column":6},"end":{"line":14,"column":10}},{"start":{"line":14,"column":14},"end":{"line":14,"column":29}}],"line":14},"3":{"loc":{"start":{"line":42,"column":4},"end":{"line":42,"column":97}},"type":"if","locations":[{"start":{"line":42,"column":4},"end":{"line":42,"column":97}},{"start":{},"end":{}}],"line":42},"4":{"loc":{"start":{"line":53,"column":4},"end":{"line":53,"column":123}},"type":"if","locations":[{"start":{"line":53,"column":4},"end":{"line":53,"column":123}},{"start":{},"end":{}}],"line":53},"5":{"loc":{"start":{"line":64,"column":4},"end":{"line":64,"column":111}},"type":"if","locations":[{"start":{"line":64,"column":4},"end":{"line":64,"column":111}},{"start":{},"end":{}}],"line":64},"6":{"loc":{"start":{"line":82,"column":4},"end":{"line":82,"column":97}},"type":"if","locations":[{"start":{"line":82,"column":4},"end":{"line":82,"column":97}},{"start":{},"end":{}}],"line":82},"7":{"loc":{"start":{"line":85,"column":20},"end":{"line":85,"column":59}},"type":"cond-expr","locations":[{"start":{"line":85,"column":31},"end":{"line":85,"column":44}},{"start":{"line":85,"column":47},"end":{"line":85,"column":59}}],"line":85},"8":{"loc":{"start":{"line":88,"column":12},"end":{"line":88,"column":32}},"type":"binary-expr","locations":[{"start":{"line":88,"column":12},"end":{"line":88,"column":16}},{"start":{"line":88,"column":20},"end":{"line":88,"column":32}}],"line":88},"9":{"loc":{"start":{"line":89,"column":15},"end":{"line":89,"column":41}},"type":"binary-expr","locations":[{"start":{"line":89,"column":15},"end":{"line":89,"column":22}},{"start":{"line":89,"column":26},"end":{"line":89,"column":41}}],"line":89},"10":{"loc":{"start":{"line":90,"column":19},"end":{"line":90,"column":53}},"type":"binary-expr","locations":[{"start":{"line":90,"column":19},"end":{"line":90,"column":30}},{"start":{"line":90,"column":34},"end":{"line":90,"column":53}}],"line":90},"11":{"loc":{"start":{"line":104,"column":4},"end":{"line":104,"column":119}},"type":"if","locations":[{"start":{"line":104,"column":4},"end":{"line":104,"column":119}},{"start":{},"end":{}}],"line":104},"12":{"loc":{"start":{"line":110,"column":30},"end":{"line":110,"column":108}},"type":"cond-expr","locations":[{"start":{"line":110,"column":50},"end":{"line":110,"column":104}},{"start":{"line":110,"column":107},"end":{"line":110,"column":108}}],"line":110},"13":{"loc":{"start":{"line":135,"column":4},"end":{"line":137,"column":5}},"type":"if","locations":[{"start":{"line":135,"column":4},"end
[...]
karee\\OneDrive\\Desktop\\test\\revup-backend\\src\\middlewares\\errorHandler.js","statementMap":{"0":{"start":{"line":3,"column":15},"end":{"line":3,"column":42}},"1":{"start":{"line":9,"column":21},"end":{"line":61,"column":1}},"2":{"start":{"line":10,"column":2},"end":{"line":10,"column":68}},"3":{"start":{"line":13,"column":2},"end":{"line":19,"column":3}},"4":{"start":{"line":14,"column":18},"end":{"line":14,"column":48}},"5":{"start":{"line":15,"column":4},"end":{"line":18,"column":7}},"6":{"start":{"line":22,"column":2},"end":{"line":28,"column":3}},"7":{"start":{"line":23,"column":4},"end":{"line":27,"column":7}},"8":{"start":{"line":26,"column":37},"end":{"line":26,"column":74}},"9":{"start":{"line":31,"column":2},"end":{"line":36,"column":3}},"10":{"start":{"line":32,"column":4},"end":{"line":35,"column":7}},"11":{"start":{"line":39,"column":2},"end":{"line":41,"column":3}},"12":{"start":{"line":40,"column":4},"end":{"line":40,"column":79}},"13":{"start":{"line":42,"column":2},"end":{"line":44,"column":3}},"14":{"start":{"line":43,"column":4},"end":{"line":43,"column":79}},"15":{"start":{"line":47,"column":2},"end":{"line":49,"column":3}},"16":{"start":{"line":48,"column":4},"end":{"line":48,"column":98}},"17":{"start":{"line":52,"column":2},"end":{"line":54,"column":3}},"18":{"start":{"line":53,"column":4},"end":{"line":53,"column":85}},"19":{"start":{"line":57,"column":2},"end":{"line":60,"column":5}},"20":{"start":{"line":63,"column":0},"end":{"line":63,"column":30}}},"fnMap":{"0":{"name":"(anonymous_0)","decl":{"start":{"line":9,"column":21},"end":{"line":9,"column":22}},"loc":{"start":{"line":9,"column":46},"end":{"line":61,"column":1}},"line":9},"1":{"name":"(anonymous_1)","decl":{"start":{"line":26,"column":29},"end":{"line":26,"column":30}},"loc":{"start":{"line":26,"column":37},"end":{"line":26,"column":74}},"line":26}},"branchMap":{"0":{"loc":{"start":{"line":13,"column":2},"end":{"line":19,"column":3}},"type":"if","locations":[{"start":{"line":13,"column":2},"end":{"line":19,"column":3}},{"start":{},"end":{}}],"line":13},"1":{"loc":{"start":{"line":14,"column":18},"end":{"line":14,"column":48}},"type":"binary-expr","locations":[{"start":{"line":14,"column":18},"end":{"line":14,"column":37}},{"start":{"line":14,"column":41},"end":{"line":14,"column":48}}],"line":14},"2":{"loc":{"start":{"line":22,"column":2},"end":{"line":28,"column":3}},"type":"if","locations":[{"start":{"line":22,"column":2},"end":{"line":28,"column":3}},{"start":{},"end":{}}],"line":22},"3":{"loc":{"start":{"line":31,"column":2},"end":{"line":36,"column":3}},"type":"if","locations":[{"start":{"line":31,"column":2},"end":{"line":36,"column":3}},{"start":{},"end":{}}],"line":31},"4":{"loc":{"start":{"line":39,"column":2},"end":{"line":41,"column":3}},"type":"if","locations":[{"start":{"line":39,"column":2},"end":{"line":41,"column":3}},{"start":{},"end":{}}],"line":39},"5":{"loc":{"start":{"line":42,"column":2},"end":{"line":44,"column":3}},"type":"if","locations":[{"start":{"line":42,"column":2},"end":{"line":44,"column":3}},{"start":{},"end":{}}],"line":42},"6":{"loc":{"start":{"line":47,"column":2},"end":{"line":49,"column":3}},"type":"if","locations":[{"start":{"line":47,"column":2},"end":{"line":49,"column":3}},{"start":{},"end":{}}],"line":47},"7":{"loc":{"start":{"line":52,"column":2},"end":{"line":54,"column":3}},"type":"if","locations":[{"start":{"line":52,"column":2},"end":{"line":54,"column":3}},{"start":{},"end":{}}],"line":52}},"s":{"0":1,"1":1,"2":4,"3":4,"4":1,"5":1,"6":3,"7":1,"8":1,"9":2,"10":0,"11":2,"12":0,"13":2,"14":0,"15":2,"16":0,"17":2,"18":1,"19":1,"20":1},"f":{"0":4,"1":1},"b":{"0":[1,3],"1":[1,0],"2":[1,2],"3":[0,2],"4":[0,2],"5":[0,2],"6":[0,2],"7":[1,1]},"_coverageSchema":"1a1c01bbd47fc00a2c39e90264f33305004495a9","hash":"e1e119d966a004d2eecf90177c43ee84ae2e917e"}
,"C:\\Users\\karee\\OneDrive\\Desktop\\test\\revup-backend\\src\\middlewares\\requestLogger.js": {"path":"C:\\Users\\karee\\OneDrive\\Desktop\\test\\revup-backend\\src\\middlewares\\requestLogger.js","statementMap":{"0":{"start":{"line":3,"column":15},"end":{"line":3,"column":42}},"1":{"start":{"line":9,"column":22},"end":{"line":22,"column":1}},"2":{"start":{"line":10,"column":16},"end":{"line":10,"column":26}},"3":{"start":{"line":12,"column":2},"end":{"line":19,"column":5}},"4":{"start":{"line":13,"column":21},"end":{"line":13,"column":39}},"5":{"start":{"line":14,"column":18},"end":{"line":16,"column":14}},"6":{"start":{"line":18,"column":4},"end":{"line":18,"column":94}},"7":{"start":{"line":21,"column":2},"end":{"line":21,"column":9}},"8":{"start":{"line":24,"column":0},"end":{"line":24,"column":31}}},"fnMap":{"0":{"name":"(anonymous_0)","decl":{"start":{"line":9,"column":22},"end":{"line":9,"column":23}},"loc":{"start":{"line":9,"column":42},"end":{"line":22,"column":1}},"line":9},"1":{"name":"(anonymous_1)","decl":{"start":{"line":12,"column":19},"end":{"line":12,"column":20}},"loc":{"start":{"line":12,"column":25},"end":{"line":19,"column":3}},"line":12}},"branchMap":{"0":{"loc":{"start":{"line":14,"column":18},"end":{"line":16,"column":14}},"type":"cond-expr","locations":[{"start":{"line":14,"column":42},"end":{"line":14,"column":49}},{"start":{"line":15,"column":8},"end":{"line":16,"column":14}}],"line":14},"1":{"loc":{"start":{"line":15,"column":8},"end":{"line":16,"column":14}},"type":"cond-expr","locations":[{"start":{"line":15,"column":32},"end":{"line":15,"column":38}},{"start":{"line":16,"column":8},"end":{"line":16,"column":14}}],"line":15}},"s":{"0":1,"1":1,"2":3,"3":3,"4":3,"5":3,"6":3,"7":3,"8":1},"f":{"0":3,"1":3},"b":{"0":[1,2],"1":[1,1]},"_coverageSchema":"1a1c01bbd47fc00a2c39e90264f33305004495a9","hash":"a08a67948f8efae32e2565a1554c89011bfc5e2f"}
,"C:\\Users\\karee\\OneDrive\\Desktop\\test\\revup-backend\\src\\middlewares\\validate.js": {"path":"C:\\Users\\karee\\OneDrive\\Desktop\\test\\revup-backend\\src\\middlewares\\validate.js","statementMap":{"0":{"start":{"line":3,"column":29},"end":{"line":3,"column":57}},"1":{"start":{"line":8,"column":17},"end":{"line":18,"column":1}},"2":{"start":{"line":9,"column":17},"end":{"line":9,"column":38}},"3":{"start":{"line":10,"column":2},"end":{"line":16,"column":3}},"4":{"start":{"line":11,"column":4},"end":{"line":15,"column":7}},"5":{"start":{"line":14,"column":41},"end":{"line":14,"column":74}},"6":{"start":{"line":17,"column":2},"end":{"line":17,"column":9}},"7":{"start":{"line":20,"column":0},"end":{"line":20,"column":26}}},"fnMap":{"0":{"name":"(anonymous_0)","decl":{"start":{"line":8,"column":17},"end":{"line":8,"column":18}},"loc":{"start":{"line":8,"column":37},"end":{"line":18,"column":1}},"line":8},"1":{"name":"(anonymous_1)","decl":{"start":{"line":14,"column":33},"end":{"line":14,"column":34}},"loc":{"start":{"line":14,"column":41},"end":{"line":14,"column":74}},"line":14}},"branchMap":{"0":{"loc":{"start":{"line":10,"column":2},"end":{"line":16,"column":3}},"type":"if","locations":[{"start":{"line":10,"column":2},"end":{"line":16,"column":3}},{"start":{},"end":{}}],"line":10}},"s":{"0":1,"1":1,"2":2,"3":2,"4":1,"5":1,"6":1,"7":1},"f":{"0":2,"1":1},"b":{"0":[1,1]},"_coverageSchema":"1a1c01bbd47fc00a2c39e90264f33305004495a9","hash":"949a9df774b9f77b579a18fb8b66df6cac9404c7"}
,"C:\\Users\\karee\\OneDrive\\Desktop\\test\\revup-backend\\src\\services\\aiService.js": {"path":"C:\\Users\\karee\\OneDrive\\Desktop\\test\\revup-backend\\src\\services\\aiService.js","statementMap":{"0":{"start":{"line":3,"column":14},"end":{"line":3,"column":30}},"1":{"start":{"line":4,"column":17},"end":{"line":4,"column":37}},"2":{"start":{"line":8,"column":20},"end":{"line":8,"column":110}},"3":{"start":{"line":10,"column":0},"end":{"line":25,"column":2}},"4":{"start":{"line":11,"column":2},"end":{"line":24,"column":3}},"5":{"start":{"line":12,"column":18},"end":{"line":12,"column":56}},"6":{"start":{"line":13,"column":21},"end":{"line":17,"column":6}},"7":{"start":{"line":20,"column":4},"end":{"line":20,"column":47}},"8":{"start":{"line":22,"column":4},"end":{"line":22,"column":93}},"9":{"start":{"line":23,"column":4},"end":{"line":23,"column":75}},"10":{"start":{"line":33,"column":0},"end":{"line":55,"column":2}},"11":{"start":{"line":34,"column":2},"end":{"line":54,"column":3}},"12":{"start":{"line":36,"column":17},"end":{"line":36,"column":31}},"13":{"start":{"line":37,"column":4},"end":{"line":40,"column":7}},"14":{"start":{"line":43,"column":18},"end":{"line":43,"column":51}},"15":{"start":{"line":44,"column":21},"end":{"line":48,"column":6}},"16":{"start":{"line":50,"column":4},"end":{"line":50,"column":25}},"17":{"start":{"line":52,"column":4},"end":{"line":52,"column":80}},"18":{"start":{"line":53,"column":4},"end":{"line":53,"column":63}},"19":{"start":{"line":58,"column":27},"end":{"line":58,"column":109}},"20":{"start":{"line":60,"column":27},"end":{"line":64,"column":2}},"21":{"start":{"line":71,"column":0},"end":{"line":79,"column":2}},"22":{"start":{"line":72,"column":2},"end":{"line":78,"column":3}},"23":{"start":{"line":73,"column":21},"end":{"line":73,"column":65}},"24":{"start":{"line":74,"column":4},"end":{"line":74,"column":93}},"25":{"start":{"line":74,"column":30},"end":{"line":74,"column":93}},"26":{"start":{"line":75,"column":4},"end":{"line":75,"column":16}},"27":{"start":{"line":77,"column":4},"end":{"line":77,"column":68}},"28":{"start":{"line":85,"column":0},"end":{"line":90,"column":2}},"29":{"start":{"line":86,"column":15},"end":{"line":86,"column":40}},"30":{"start":{"line":88,"column":16},"end":{"line":88,"column":75}},"31":{"start":{"line":88,"column":33},"end":{"line":88,"column":74}},"32":{"start":{"line":89,"column":2},"end":{"line":89,"column":33}},"33":{"start":{"line":99,"column":0},"end":{"line":106,"column":2}},"34":{"start":{"line":100,"column":19},"end":{"line":104,"column":4}},"35":{"start":{"line":105,"column":2},"end":{"line":105,"column":14}},"36":{"start":{"line":113,"column":0},"end":{"line":116,"column":2}},"37":{"start":{"line":114,"column":19},"end":{"line":114,"column":95}},"38":{"start":{"line":115,"column":2},"end":{"line":115,"column":14}},"39":{"start":{"line":124,"column":0},"end":{"line":127,"column":2}},"40":{"start":{"line":125,"column":19},"end":{"line":125,"column":103}},"41":{"start":{"line":126,"column":2},"end":{"line":126,"column":14}},"42":{"start":{"line":134,"column":0},"end":{"line":136,"column":2}},"43":{"start":{"line":135,"column":2},"end":{"line":135,"column":84}},"44":{"start":{"line":143,"column":0},"end":{"line":146,"column":2}},"45":{"start":{"line":144,"column":19},"end":{"line":144,"column":93}},"46":{"start":{"line":145,"column":2},"end":{"line":145,"column":14}},"47":{"start":{"line":155,"column":0},"end":{"line":168,"column":2}},"48":{"start":{"line":156,"column":19},"end":{"line":166,"column":3}},"49":{"start":{"line":167,"column":2},"end":{"line":167,"column":23}}},"fnMap":{"0":{"name":"(anonymous_0)","decl":{"start":{"line":10,"column":32},"end":{"line":10,"column":33}},"loc":{"start":{"line":10,"column":55},"end":{"line":25,"column":1}},"line":10},"1":{"name":"(anonymous_1)","decl":{"start":{"line":33,"column":18},"end":{"line":33,"column":19}},"loc":{"start":{"line":33,"column":54},"end":{"line":55,"column":1}},"line":33},"2":{"name":"(anonymous_2)","decl":{"start":{"line":71,"column":20},"end":{"line":71,"column":21}},"loc":{"start":{"line":71,"column":32},"end":{"line":79,"column":1}},"line":71},"3":{"name":"(anonymous_3)","decl":{"start":{"line":85,"column":22},"end":{"line":85,"column":23}},"loc":{"start":{"line":85,"column":44},"end":{"line":90,"column":1}},"line":85},"4":{"name":"(anonymous_4)","decl":{"start":{"line":88,"column":26},"end":{"line":88,"column":27}},"loc":{"start":{"line":88,"column":33},"end":{"line":88,"column":74}},"line":88},"5":{"name":"(anonymous_5)","decl":{"start":{"line":99,"column":27},"end":{"line":99,"column":28}},"loc":{"start":{"line":99,"column":59},"end":{"line":106,"column":1}},"line":99},"6":{"name":"(anonymous_6)","decl":{"start":{"line":113,"column":28},"end":{"line":113,"column":29}},"loc":{"start":{"line":113,"column":53},"end":{"line":116,"column":1}},"line":113},"7":{"name":"(anonymous_7)","decl":{"start":{"line":124,"column":25},"end":{"line":124,"column":26}},"loc":{"start":{"line":124,"column":59},"end":{"line":127,"column":1}},"line":124},"8":{"name":"(anonymous_8)","decl":{"start":{"line":134,"column":28},"end":{"line":134,"column":29}},"loc":{"start":{"line":134,"column":60},"end":{"line":136,"column":1}},"line":134},"9":{"name":"(anonymous_9)","decl":{"start":{"line":143,"column":22},"end":{"line":143,"column":23}},"loc":{"start":{"line":143,"column":47},"end":{"line":146,"column":1}},"line":143},"10":{"name":"(anonymous_10)","decl":{"start":{"line":155,"column":27},"end":{"line":155,"column":28}},"loc":{"start":{"line":155,"column":64},"end":{"line":168,"column":1}},"line":155}},"branchMap":{"0":{"loc":{"start":{"line":8,"column":20},"end":{"line":8,"column":110}},"type":"binary-expr","locations":[{"start":{"line":8,"column":20},"end":{"line":8,"column":42}},{"start":{"line":8,"column":46},"end":{"line":8,"column":110}}],"line":8},"1":{"loc":{"start":{"line":14,"column":14},"end":{"line":14,"column":38}},"type":"binary-expr","locations":[{"start":{"line":14,"column":14},"end":{"line":14,"column":32}},{"start":{"line":14,"column":36},"end":{"line":14,"column":38}}],"line":14},"2":{"loc":{"start":{"line":15,"column":13},"end":{"line":15,"column":36}},"type":"binary-expr","locations":[{"start":{"line":15,"column":13},"end":{"line":15,"column":30}},{"start":{"line":15,"column":34},"end":{"line":15,"column":36}}],"line":15},"3":{"loc":{"start":{"line":16,"column":15},"end":{"line":16,"column":40}},"type":"binary-expr","locations":[{"start":{"line":16,"column":15},"end":{"line":16,"column":34}},{"start":{"line":16,"column":38},"end":{"line":16,"column":40}}],"line":16},"4":{"loc":{"start":{"line":20,"column":11},"end":{"line":20,"column":46}},"type":"binary-expr","locations":[{"start":{"line":20,"column":11},"end":{"line":20,"column":40}},{"start":{"line":20,"column":44},"end":{"line":20,"column":46}}],"line":20},"5":{"loc":{"start":{"line":22,"column":54},"end":{"line":22,"column":91}},"type":"binary-expr","locations":[{"start":{"line":22,"column":54},"end":{"line":22,"column":74}},{"start":{"line":22,"column":78},"end":{"line":22,"column":91}}],"line":22},"6":{"loc":{"start":{"line":52,"column":41},"end":{"line":52,"column":78}},"type":"binary-expr","locations":[{"start":{"line":52,"column":41},"end":{"line":52,"column":61}},{"start":{"line":52,"column":65},"end":{"line":52,"column":78}}],"line":52},"7":{"loc":{"start":{"line":58,"column":27},"end":{"line":58,"column":109}},"type":"binary-expr","locations":[{"start":{"line":58,"column":27},"end":{"line":58,"column":56}},{"start":{"line":58,"column":60},"end":{"line":58,"column":109}}],"line":58},"8":{"loc":{"start":{"line":74,"column":4},"end":{"line":74,"column":93}},"type":"if","locations":[{"start":{"line":74,"column":4},"end":{"line":74,"column":93}},{"start":{},"end":{}}],"line":74},"9":{"loc":{"start":{"line":89,"column":9},"end":{"line":89,"column":32}},"type":"cond-expr","locations":[{"start":{"line":89,"column":17},"end":{"line":89,"column":25}},{"start":{"line":89,"column":28},"end":{"line":89,"column":32}}],"line":89}},"s":{"0":4,"1":4,"2":4,"3":4,"4":2,"5":2,"6":2,"7":1,"8":1,"9":1,"10":4,"11":2,"12":2,"13":2,"14":2,"15":2,"16":1,"17":1,"18":1,"19":4,"20":4,"21":4,"22":3,"23":3,"24":3,"25":0,"26":3,"27":0,"28":4,"29":2,"30":2,"31":2,"32":2,"33":4,"34":1,"35":1,"36":4,"37":1,"38":1,"39":4,"40":1,"41":1,"42":4,"43":1,"44":4,"45":1,"46":1,"47":4,"48":1,"49":1},"f":{"0":2,"1":2,"2":3,"3":2,"4":2,"5":1,"6":1,"7":1,"8":1,"9":1,"10":1},"b":{"0":[4,4],"1":[2,1],"2":[2,2],"3":[2,2],"4":[1,0],"5":[1,1],"6":[1,1],"7":[4,4],"8":[0,3],"9":[1,1]},"_coverageSchema":"1a1c01bbd47fc00a2c39e90264f33305004495a9","hash":"026f47fa87f7344b52344eda49466adfbd754074"}
,"C:\\Users\\karee\\OneDrive\\Desktop\\test\\revup-backend\\src\\services\\emailService.js": {"path":"C:\\Users\\karee\\OneDrive\\Desktop\\test\\revup-backend\\src\\services\\emailService.js","statementMap":{"0":{"start":{"line":3,"column":20},"end":{"line":3,"column":47}},"1":{"start":{"line":4,"column":15},"end":{"line":4,"column":42}},"2":{"start":{"line":9,"column":25},"end":{"line":23,"column":1}},"3":{"start":{"line":10,"column":2},"end":{"line":22,"column":5}},"4":{"start":{"line":28,"column":31},"end":{"line":45,"column":1}},"5":{"start":{"line":29,"column":19},"end":{"line":29,"column":84}},"6":{"start":{"line":30,"column":2},"end":{"line":44,"column":5}},"7":{"start":{"line":50,"column":35},"end":{"line":78,"column":1}},"8":{"start":{"line":51,"column":23},"end":{"line":56,"column":3}},"9":{"start":{"line":58,"column":17},"end":{"line":58,"column":67}},"10":{"start":{"line":60,"column":2},"end":{"line":77,"column":5}},"11":{"start":{"line":83,"column":35},"end":{"line":116,"column":1}},"12":{"start":{"line":84,"column":18},"end":{"line":87,"column":4}},"13":{"start":{"line":89,"column":2},"end":{"line":115,"column":5}},"14":{"start":{"line":121,"column":36},"end":{"line":143,"column":1}},"15":{"start":{"line":122,"column":18},"end":{"line":125,"column":4}},"16":{"start":{"line":127,"column":2},"end":{"line":142,"column":5}},"17":{"start":{"line":148,"column":21},"end":{"line":168,"column":1}},"18":{"start":{"line":149,"column":2},"end":{"line":167,"column":5}},"19":{"start":{"line":170,"column":0},"end":{"line":177,"column":2}}},"fnMap":{"0":{"name":"(anonymous_0)","decl":{"start":{"line":9,"column":25},"end":{"line":9,"column":26}},"loc":{"start":{"line":9,"column":49},"end":{"line":23,"column":1}},"line":9},"1":{"name":"(anonymous_1)","decl":{"start":{"line":28,"column":31},"end":{"line":28,"column":32}},"loc":{"start":{"line":28,"column":67},"end":{"line":45,"column":1}},"line":28},"2":{"name":"(anonymous_2)","decl":{"start":{"line":50,"column":35},"end":{"line":50,"column":36}},"loc":{"start":{"line":50,"column":99},"end":{"line":78,"column":1}},"line":50},"3":{"name":"(anonymous_3)","decl":{"start":{"line":83,"column":35},"end":{"line":83,"column":36}},"loc":{"start":{"line":83,"column":117},"end":{"line":116,"column":1}},"line":83},"4":{"name":"(anonymous_4)","decl":{"start":{"line":121,"column":36},"end":{"line":121,"column":37}},"loc":{"start":{"line":121,"column":94},"end":{"line":143,"column":1}},"line":121},"5":{"name":"(anonymous_5)","decl":{"start":{"line":148,"column":21},"end":{"line":148,"column":22}},"loc":{"start":{"line":148,"column":51},"end":{"line":168,"column":1}},"line":148}},"branchMap":{"0":{"loc":{"start":{"line":58,"column":17},"end":{"line":58,"column":67}},"type":"binary-expr","locations":[{"start":{"line":58,"column":17},"end":{"line":58,"column":40}},{"start":{"line":58,"column":44},"end":{"line":58,"column":67}}],"line":58},"1":{"loc":{"start":{"line":101,"column":12},"end":{"line":104,"column":16}},"type":"cond-expr","locations":[{"start":{"line":101,"column":23},"end":{"line":104,"column":11}},{"start":{"line":104,"column":14},"end":{"line":104,"column":16}}],"line":101},"2":{"loc":{"start":{"line":105,"column":12},"end":{"line":108,"column":16}},"type":"cond-expr","locations":[{"start":{"line":105,"column":20},"end":{"line":108,"column":11}},{"start":{"line":108,"column":14},"end":{"line":108,"column":16}}],"line":105},"3":{"loc":{"start":{"line":136,"column":10},"end":{"line":136,"column":80}},"type":"cond-expr","locations":[{"start":{"line":136,"column":19},"end":{"line":136,"column":75}},{"start":{"line":136,"column":78},"end":{"line":136,"column":80}}],"line":136}},"s":{"0":4,"1":4,"2":4,"3":1,"4":4,"5":1,"6":1,"7":4,"8":1,"9":1,"10":1,"11":4,"12":1,"13":1,"14":4,"15":1,"16":1,"17":4,"18":1,"19":4},"f":{"0":1,"1":1,"2":1,"3":1,"4":1,"5":1},"b":{"0":[1,0],"1":[1,0],"2":[1,0],"3":[1,0]},"_coverageSchema":"1a1c01bbd47fc00a2c39e90264f33305004495a9","hash":"ba8201eba936f681da95d714b4e82ace04502141"}
}
