TN:
SF:src\config\db.js
FNF:0
FNH:0
DA:3,1
DA:5,1
DA:23,1
LF:3
LH:3
BRDA:10,0,0,1
BRDA:10,0,1,1
BRDA:11,1,0,1
BRDA:11,1,1,1
BRF:4
BRH:4
end_of_record
TN:
SF:src\config\logger.js
FN:16,(anonymous_0)
FN:21,(anonymous_1)
FNF:2
FNH:0
FNDA:0,(anonymous_0)
FNDA:0,(anonymous_1)
DA:3,5
DA:4,5
DA:5,5
DA:8,5
DA:9,5
DA:10,0
DA:13,5
DA:16,5
DA:17,0
DA:21,5
DA:22,0
DA:25,5
DA:50,5
LF:13
LH:10
BRDA:9,0,0,0
BRDA:9,0,1,5
BRDA:17,1,0,0
BRDA:17,1,1,0
BRDA:22,2,0,0
BRDA:22,2,1,0
BRDA:26,3,0,5
BRDA:26,3,1,5
BRF:8
BRH:3
end_of_record
TN:
SF:src\config\mailer.js
FNF:0
FNH:0
DA:3,3
DA:5,3
DA:13,3
LF:3
LH:3
BRF:0
BRH:0
end_of_record
TN:
SF:src\controllers\adminController.js
FN:6,(anonymous_0)
FN:33,(anonymous_1)
FN:47,(anonymous_2)
FN:78,(anonymous_3)
FN:100,(anonymous_4)
FN:127,(anonymous_5)
FN:141,(anonymous_6)
FN:163,(anonymous_7)
FN:176,(anonymous_8)
FNF:9
FNH:6
FNDA:1,(anonymous_0)
FNDA:2,(anonymous_1)
FNDA:2,(anonymous_2)
FNDA:1,(anonymous_3)
FNDA:0,(anonymous_4)
FNDA:0,(anonymous_5)
FNDA:2,(anonymous_6)
FNDA:1,(anonymous_7)
FNDA:0,(anonymous_8)
DA:3,1
DA:6,1
DA:7,1
DA:8,1
DA:9,1
DA:11,1
DA:12,1
DA:14,1
DA:22,1
DA:28,0
DA:33,1
DA:34,2
DA:35,2
DA:36,2
DA:37,2
DA:39,1
DA:40,1
DA:42,0
DA:47,1
DA:48,2
DA:49,2
DA:51,2
DA:52,0
DA:55,2
DA:56,2
DA:58,1
DA:59,1
DA:61,1
DA:68,1
DA:69,1
DA:71,1
DA:73,0
DA:78,1
DA:79,1
DA:80,1
DA:87,1
DA:88,1
DA:90,1
DA:95,0
DA:100,1
DA:101,0
DA:102,0
DA:103,0
DA:105,0
DA:106,0
DA:108,0
DA:116,0
DA:122,0
DA:127,1
DA:128,0
DA:129,0
DA:132,0
DA:134,0
DA:136,0
DA:141,1
DA:142,2
DA:143,2
DA:144,2
DA:145,0
DA:148,2
DA:149,2
DA:151,2
DA:152,1
DA:155,1
DA:156,1
DA:158,0
DA:163,1
DA:164,1
DA:165,1
DA:166,1
DA:168,1
DA:169,1
DA:171,0
DA:176,1
DA:177,0
DA:178,0
DA:181,0
DA:187,0
DA:192,0
DA:200,0
LF:80
LH:53
BRDA:8,0,0,0
BRDA:8,1,0,0
BRDA:12,2,0,0
BRDA:12,2,1,1
BRDA:36,3,0,0
BRDA:36,3,1,2
BRDA:37,4,0,1
BRDA:37,4,1,1
BRDA:51,5,0,0
BRDA:51,5,1,2
BRDA:51,6,0,2
BRDA:51,6,1,2
BRDA:51,6,2,2
BRDA:56,7,0,1
BRDA:56,7,1,1
BRDA:65,8,0,1
BRDA:65,8,1,0
BRDA:102,9,0,0
BRDA:102,10,0,0
BRDA:106,11,0,0
BRDA:106,11,1,0
BRDA:132,12,0,0
BRDA:132,12,1,0
BRDA:144,13,0,0
BRDA:144,13,1,2
BRDA:149,14,0,0
BRDA:149,14,1,2
BRDA:151,15,0,1
BRDA:151,15,1,1
BRDA:166,16,0,0
BRDA:166,16,1,1
BRF:31
BRH:16
end_of_record
TN:
SF:src\controllers\analyticsController.js
FN:8,(anonymous_0)
FN:17,(anonymous_1)
FN:19,(anonymous_2)
FN:63,(anonymous_3)
FN:91,(anonymous_4)
FN:95,(anonymous_5)
FN:166,(anonymous_6)
FN:245,(anonymous_7)
FN:249,(anonymous_8)
FNF:9
FNH:9
FNDA:4,(anonymous_0)
FNDA:2,(anonymous_1)
FNDA:1,(anonymous_2)
FNDA:2,(anonymous_3)
FNDA:2,(anonymous_4)
FNDA:2,(anonymous_5)
FNDA:2,(anonymous_6)
FNDA:1,(anonymous_7)
FNDA:1,(anonymous_8)
DA:3,1
DA:4,1
DA:5,1
DA:8,1
DA:9,4
DA:10,4
DA:11,1
DA:12,1
DA:13,1
DA:17,1
DA:18,2
DA:19,2
DA:63,1
DA:64,2
DA:65,2
DA:66,2
DA:67,1
DA:71,1
DA:90,1
DA:91,2
DA:92,1
DA:95,2
DA:106,1
DA:116,0
DA:166,1
DA:167,2
DA:168,2
DA:169,2
DA:170,0
DA:173,2
DA:175,2
DA:176,1
DA:188,1
DA:200,1
DA:203,1
DA:204,1
DA:205,1
DA:207,1
DA:220,1
DA:235,1
DA:245,1
DA:249,1
DA:258,0
LF:43
LH:40
BRDA:10,0,0,3
BRDA:10,0,1,1
BRDA:12,1,0,0
BRDA:12,1,1,1
BRDA:12,2,0,1
BRDA:12,2,1,0
BRDA:66,3,0,1
BRDA:66,3,1,1
BRDA:102,4,0,2
BRDA:102,4,1,0
BRDA:169,5,0,0
BRDA:169,5,1,2
BRDA:175,6,0,1
BRDA:175,6,1,1
BRDA:200,7,0,1
BRDA:200,7,1,0
BRDA:203,8,0,1
BRDA:203,8,1,1
BRDA:238,9,0,1
BRDA:238,9,1,0
BRDA:240,10,0,1
BRDA:240,10,1,0
BRDA:241,11,0,1
BRDA:241,11,1,0
BRDA:242,12,0,1
BRDA:242,12,1,0
BRDA:243,13,0,1
BRDA:243,13,1,0
BRF:28
BRH:18
end_of_record
TN:
SF:src\controllers\applicationController.js
FN:8,(anonymous_0)
FN:13,(anonymous_1)
FN:20,(anonymous_2)
FN:28,(anonymous_3)
FN:63,(anonymous_4)
FN:79,(anonymous_5)
FN:91,(anonymous_6)
FN:96,(anonymous_7)
FN:109,(anonymous_8)
FN:123,(anonymous_9)
FN:165,(anonymous_10)
FN:204,(anonymous_11)
FN:262,(anonymous_12)
FN:288,(anonymous_13)
FNF:14
FNH:7
FNDA:1,(anonymous_0)
FNDA:2,(anonymous_1)
FNDA:1,(anonymous_2)
FNDA:3,(anonymous_3)
FNDA:2,(anonymous_4)
FNDA:0,(anonymous_5)
FNDA:0,(anonymous_6)
FNDA:0,(anonymous_7)
FNDA:0,(anonymous_8)
FNDA:0,(anonymous_9)
FNDA:0,(anonymous_10)
FNDA:1,(anonymous_11)
FNDA:1,(anonymous_12)
FNDA:0,(anonymous_13)
DA:3,1
DA:4,1
DA:5,1
DA:8,1
DA:9,1
DA:13,1
DA:14,2
DA:19,2
DA:20,2
DA:21,2
DA:22,2
DA:28,1
DA:29,3
DA:30,3
DA:32,3
DA:35,3
DA:36,2
DA:39,2
DA:40,1
DA:46,1
DA:47,1
DA:49,1
DA:50,1
DA:52,1
DA:60,1
DA:61,1
DA:62,1
DA:63,2
DA:70,1
DA:72,0
DA:79,1
DA:80,0
DA:81,0
DA:91,0
DA:92,0
DA:96,0
DA:104,0
DA:105,0
DA:106,0
DA:109,0
DA:114,0
DA:116,0
DA:123,1
DA:124,0
DA:125,0
DA:126,0
DA:127,0
DA:128,0
DA:131,0
DA:132,0
DA:133,0
DA:134,0
DA:137,0
DA:145,0
DA:158,0
DA:165,1
DA:166,0
DA:167,0
DA:178,0
DA:181,0
DA:182,0
DA:183,0
DA:186,0
DA:187,0
DA:188,0
DA:189,0
DA:190,0
DA:191,0
DA:195,0
DA:197,0
DA:204,1
DA:205,1
DA:206,1
DA:208,1
DA:214,1
DA:217,1
DA:218,0
DA:221,1
DA:222,1
DA:223,1
DA:225,1
DA:228,1
DA:236,1
DA:242,1
DA:243,1
DA:253,1
DA:255,0
DA:262,1
DA:263,1
DA:264,1
DA:268,1
DA:270,1
DA:271,0
DA:275,1
DA:276,0
DA:282,1
DA:285,1
DA:286,1
DA:287,0
DA:288,0
DA:295,1
DA:297,0
LF:102
LH:57
BRDA:9,0,0,1
BRDA:9,0,1,0
BRDA:21,1,0,1
BRDA:21,1,1,1
BRDA:35,2,0,1
BRDA:35,2,1,2
BRDA:36,3,0,0
BRDA:36,3,1,2
BRDA:39,4,0,1
BRDA:39,4,1,1
BRDA:39,5,0,2
BRDA:39,5,1,1
BRDA:47,6,0,0
BRDA:47,6,1,1
BRDA:50,7,0,0
BRDA:50,7,1,1
BRDA:61,8,0,1
BRDA:61,8,1,0
BRDA:92,9,0,0
BRDA:92,9,1,0
BRDA:106,10,0,0
BRDA:106,10,1,0
BRDA:111,11,0,0
BRDA:111,11,1,0
BRDA:126,12,0,0
BRDA:126,12,1,0
BRDA:127,13,0,0
BRDA:127,13,1,0
BRDA:132,14,0,0
BRDA:132,14,1,0
BRDA:133,15,0,0
BRDA:133,15,1,0
BRDA:178,16,0,0
BRDA:178,16,1,0
BRDA:181,17,0,0
BRDA:181,17,1,0
BRDA:182,18,0,0
BRDA:182,18,1,0
BRDA:189,19,0,0
BRDA:189,19,1,0
BRDA:190,20,0,0
BRDA:190,20,1,0
BRDA:214,21,0,0
BRDA:214,21,1,1
BRDA:217,22,0,0
BRDA:217,22,1,1
BRDA:222,23,0,0
BRDA:222,23,1,1
BRDA:223,24,0,0
BRDA:223,24,1,1
BRDA:223,25,0,1
BRDA:223,25,1,0
BRDA:231,26,0,0
BRDA:231,26,1,1
BRDA:238,27,0,1
BRDA:238,27,1,0
BRDA:242,28,0,1
BRDA:242,28,1,0
BRDA:249,29,0,0
BRDA:249,29,1,1
BRDA:268,30,0,0
BRDA:268,30,1,1
BRDA:270,31,0,0
BRDA:270,31,1,1
BRDA:275,32,0,0
BRDA:275,32,1,1
BRDA:286,33,0,0
BRDA:286,33,1,1
BRF:68
BRH:26
end_of_record
TN:
SF:src\controllers\authController.js
FN:10,(anonymous_0)
FN:15,(anonymous_1)
FN:27,(anonymous_2)
FN:61,(anonymous_3)
FN:109,(anonymous_4)
FN:173,(anonymous_5)
FN:189,(anonymous_6)
FN:190,(anonymous_7)
FN:201,(anonymous_8)
FN:222,(anonymous_9)
FN:240,(anonymous_10)
FN:250,(anonymous_11)
FN:276,(anonymous_12)
FN:292,(anonymous_13)
FN:321,(anonymous_14)
FNF:15
FNH:4
FNDA:1,(anonymous_0)
FNDA:1,(anonymous_1)
FNDA:0,(anonymous_2)
FNDA:4,(anonymous_3)
FNDA:5,(anonymous_4)
FNDA:0,(anonymous_5)
FNDA:0,(anonymous_6)
FNDA:0,(anonymous_7)
FNDA:0,(anonymous_8)
FNDA:0,(anonymous_9)
FNDA:0,(anonymous_10)
FNDA:0,(anonymous_11)
FNDA:0,(anonymous_12)
FNDA:0,(anonymous_13)
FNDA:0,(anonymous_14)
DA:3,1
DA:4,1
DA:5,1
DA:6,1
DA:7,1
DA:10,1
DA:11,1
DA:15,1
DA:16,1
DA:17,1
DA:18,1
DA:23,1
DA:27,1
DA:28,0
DA:29,0
DA:31,0
DA:32,0
DA:34,0
DA:35,0
DA:38,0
DA:40,0
DA:41,0
DA:43,0
DA:49,0
DA:56,0
DA:61,1
DA:62,4
DA:63,4
DA:65,4
DA:66,4
DA:68,3
DA:69,3
DA:71,2
DA:72,1
DA:76,1
DA:77,1
DA:78,1
DA:80,1
DA:83,1
DA:84,1
DA:86,0
DA:87,0
DA:91,1
DA:97,1
DA:104,0
DA:109,1
DA:110,5
DA:111,5
DA:113,5
DA:114,1
DA:119,4
DA:120,4
DA:122,1
DA:125,3
DA:126,1
DA:130,2
DA:131,2
DA:132,0
DA:136,2
DA:137,0
DA:138,0
DA:142,2
DA:143,2
DA:144,1
DA:148,1
DA:150,1
DA:151,1
DA:153,1
DA:160,1
DA:167,0
DA:173,1
DA:174,0
DA:175,0
DA:176,0
DA:179,0
DA:180,0
DA:183,0
DA:184,0
DA:186,0
DA:188,0
DA:189,0
DA:191,0
DA:194,0
DA:196,0
DA:201,1
DA:202,0
DA:203,0
DA:204,0
DA:206,0
DA:208,0
DA:209,0
DA:212,0
DA:213,0
DA:215,0
DA:217,0
DA:222,1
DA:223,0
DA:224,0
DA:226,0
DA:227,0
DA:228,0
DA:230,0
DA:231,0
DA:233,0
DA:235,0
DA:240,1
DA:241,0
DA:243,0
DA:245,0
DA:250,1
DA:251,0
DA:252,0
DA:253,0
DA:254,0
DA:257,0
DA:258,0
DA:259,0
DA:260,0
DA:263,0
DA:264,0
DA:265,0
DA:268,0
DA:269,0
DA:271,0
DA:276,1
DA:277,0
DA:278,0
DA:279,0
DA:280,0
DA:282,0
DA:283,0
DA:285,0
DA:292,1
DA:293,0
DA:295,0
DA:296,0
DA:301,0
DA:302,0
DA:304,0
DA:310,0
DA:313,0
DA:321,1
DA:322,0
DA:323,0
DA:325,0
DA:326,0
DA:332,0
DA:334,0
DA:335,0
DA:338,0
DA:339,0
DA:345,0
DA:348,0
DA:349,0
DA:351,0
DA:358,0
DA:360,0
DA:367,0
LF:158
LH:59
BRDA:12,0,0,1
BRDA:12,0,1,1
BRDA:32,1,0,0
BRDA:32,1,1,0
BRDA:35,2,0,0
BRDA:35,2,1,0
BRDA:66,3,0,1
BRDA:66,3,1,3
BRDA:69,4,0,1
BRDA:69,4,1,2
BRDA:71,5,0,1
BRDA:71,5,1,1
BRDA:113,6,0,1
BRDA:113,6,1,4
BRDA:113,7,0,5
BRDA:113,7,1,5
BRDA:125,8,0,1
BRDA:125,8,1,2
BRDA:131,9,0,0
BRDA:131,9,1,2
BRDA:131,10,0,2
BRDA:131,10,1,2
BRDA:131,10,2,2
BRDA:136,11,0,0
BRDA:136,11,1,2
BRDA:143,12,0,1
BRDA:143,12,1,1
BRDA:179,13,0,0
BRDA:179,13,1,0
BRDA:208,14,0,0
BRDA:208,14,1,0
BRDA:208,15,0,0
BRDA:208,15,1,0
BRDA:208,15,2,0
BRDA:228,16,0,0
BRDA:228,16,1,0
BRDA:253,17,0,0
BRDA:253,17,1,0
BRDA:258,18,0,0
BRDA:258,18,1,0
BRDA:258,19,0,0
BRDA:258,19,1,0
BRDA:259,20,0,0
BRDA:259,20,1,0
BRDA:264,21,0,0
BRDA:264,21,1,0
BRDA:264,22,0,0
BRDA:264,22,1,0
BRDA:279,23,0,0
BRDA:279,23,1,0
BRDA:295,24,0,0
BRDA:295,24,1,0
BRDA:325,25,0,0
BRDA:325,25,1,0
BRDA:334,26,0,0
BRDA:334,26,1,0
BRDA:338,27,0,0
BRDA:338,27,1,0
BRF:58
BRH:21
end_of_record
TN:
SF:src\controllers\companyController.js
FN:7,(anonymous_0)
FN:21,(anonymous_1)
FN:34,(anonymous_2)
FN:50,(anonymous_3)
FN:61,(anonymous_4)
FN:79,(anonymous_5)
FN:101,(anonymous_6)
FN:109,(anonymous_7)
FN:131,(anonymous_8)
FN:169,(anonymous_9)
FN:198,(anonymous_10)
FNF:11
FNH:9
FNDA:3,(anonymous_0)
FNDA:1,(anonymous_1)
FNDA:2,(anonymous_2)
FNDA:0,(anonymous_3)
FNDA:2,(anonymous_4)
FNDA:2,(anonymous_5)
FNDA:1,(anonymous_6)
FNDA:1,(anonymous_7)
FNDA:1,(anonymous_8)
FNDA:2,(anonymous_9)
FNDA:0,(anonymous_10)
DA:3,1
DA:7,1
DA:9,3
DA:10,3
DA:13,1
DA:14,1
DA:15,0
DA:17,1
DA:21,1
DA:22,1
DA:23,1
DA:27,1
DA:29,0
DA:34,1
DA:35,2
DA:36,2
DA:42,2
DA:43,1
DA:45,0
DA:50,1
DA:51,0
DA:52,0
DA:53,0
DA:54,0
DA:56,0
DA:61,1
DA:62,2
DA:63,2
DA:64,2
DA:66,1
DA:67,1
DA:70,1
DA:72,1
DA:74,0
DA:79,1
DA:80,2
DA:81,2
DA:82,2
DA:84,1
DA:85,1
DA:87,1
DA:94,1
DA:96,0
DA:101,1
DA:102,1
DA:103,1
DA:104,1
DA:106,1
DA:107,1
DA:109,1
DA:110,1
DA:112,1
DA:114,1
DA:125,0
DA:131,1
DA:132,1
DA:134,1
DA:135,1
DA:136,0
DA:139,1
DA:140,1
DA:142,1
DA:143,1
DA:144,0
DA:147,1
DA:148,0
DA:151,1
DA:152,0
DA:155,1
DA:157,1
DA:163,0
DA:169,1
DA:170,2
DA:171,2
DA:172,2
DA:173,0
DA:176,2
DA:179,2
DA:180,1
DA:183,1
DA:184,1
DA:185,0
DA:188,1
DA:190,1
DA:192,0
DA:198,1
DA:199,0
DA:200,0
DA:201,0
DA:203,0
DA:208,0
DA:210,0
DA:214,1
LF:93
LH:68
BRDA:10,0,0,2
BRDA:10,0,1,1
BRDA:14,1,0,0
BRDA:14,1,1,1
BRDA:14,2,0,1
BRDA:14,2,1,0
BRDA:42,3,0,1
BRDA:42,3,1,1
BRDA:53,4,0,0
BRDA:53,4,1,0
BRDA:64,5,0,1
BRDA:64,5,1,1
BRDA:82,6,0,1
BRDA:82,6,1,1
BRDA:85,7,0,0
BRDA:85,7,1,1
BRDA:88,8,0,1
BRDA:88,8,1,0
BRDA:89,9,0,1
BRDA:89,9,1,1
BRDA:90,10,0,1
BRDA:90,10,1,1
BRDA:104,11,0,0
BRDA:104,11,1,1
BRDA:110,12,0,1
BRDA:110,12,1,0
BRDA:135,13,0,0
BRDA:135,13,1,1
BRDA:140,14,0,0
BRDA:140,14,1,1
BRDA:143,15,0,0
BRDA:143,15,1,1
BRDA:147,16,0,0
BRDA:147,16,1,1
BRDA:147,17,0,1
BRDA:147,17,1,0
BRDA:151,18,0,0
BRDA:151,18,1,1
BRDA:172,19,0,0
BRDA:172,19,1,2
BRDA:179,20,0,1
BRDA:179,20,1,1
BRDA:184,21,0,0
BRDA:184,21,1,1
BRDA:201,22,0,0
BRDA:201,22,1,0
BRF:46
BRH:28
end_of_record
TN:
SF:src\controllers\courseController.js
FN:9,(anonymous_0)
FN:22,(anonymous_1)
FN:51,(anonymous_2)
FN:77,(anonymous_3)
FN:102,(anonymous_4)
FN:115,(anonymous_5)
FN:127,(anonymous_6)
FN:170,(anonymous_7)
FN:182,(anonymous_8)
FN:182,(anonymous_9)
FN:184,(anonymous_10)
FN:207,(anonymous_11)
FN:225,(anonymous_12)
FN:240,(anonymous_13)
FN:253,(anonymous_14)
FN:278,(anonymous_15)
FN:295,(anonymous_16)
FN:310,(anonymous_17)
FNF:18
FNH:7
FNDA:1,(anonymous_0)
FNDA:1,(anonymous_1)
FNDA:1,(anonymous_2)
FNDA:2,(anonymous_3)
FNDA:0,(anonymous_4)
FNDA:0,(anonymous_5)
FNDA:1,(anonymous_6)
FNDA:0,(anonymous_7)
FNDA:0,(anonymous_8)
FNDA:0,(anonymous_9)
FNDA:0,(anonymous_10)
FNDA:1,(anonymous_11)
FNDA:1,(anonymous_12)
FNDA:0,(anonymous_13)
FNDA:0,(anonymous_14)
FNDA:0,(anonymous_15)
FNDA:0,(anonymous_16)
FNDA:0,(anonymous_17)
DA:3,1
DA:4,1
DA:9,1
DA:10,1
DA:11,1
DA:12,1
DA:16,1
DA:22,1
DA:23,1
DA:24,1
DA:25,1
DA:27,1
DA:28,1
DA:29,1
DA:31,1
DA:32,1
DA:40,1
DA:46,0
DA:51,1
DA:52,1
DA:53,1
DA:60,1
DA:61,1
DA:62,0
DA:66,1
DA:68,1
DA:70,0
DA:77,1
DA:78,2
DA:79,2
DA:80,2
DA:82,2
DA:83,2
DA:84,0
DA:87,2
DA:91,2
DA:92,1
DA:95,1
DA:97,0
DA:102,1
DA:103,0
DA:104,0
DA:115,0
DA:116,0
DA:117,0
DA:120,0
DA:122,0
DA:127,1
DA:128,1
DA:129,1
DA:130,1
DA:133,1
DA:136,1
DA:137,0
DA:141,1
DA:142,1
DA:144,1
DA:149,1
DA:150,1
DA:154,1
DA:155,1
DA:156,1
DA:159,1
DA:165,0
DA:170,1
DA:171,0
DA:172,0
DA:173,0
DA:175,0
DA:176,0
DA:177,0
DA:180,0
DA:181,0
DA:182,0
DA:184,0
DA:189,0
DA:191,0
DA:200,0
DA:207,1
DA:208,1
DA:209,1
DA:211,1
DA:218,1
DA:220,0
DA:225,1
DA:226,1
DA:227,1
DA:228,1
DA:230,1
DA:231,1
DA:233,1
DA:235,0
DA:240,1
DA:241,0
DA:242,0
DA:243,0
DA:245,0
DA:246,0
DA:248,0
DA:253,1
DA:254,0
DA:255,0
DA:256,0
DA:258,0
DA:261,0
DA:263,0
DA:271,0
DA:273,0
DA:278,1
DA:279,0
DA:280,0
DA:283,0
DA:285,0
DA:286,0
DA:288,0
DA:290,0
DA:295,1
DA:296,0
DA:297,0
DA:300,0
DA:302,0
DA:303,0
DA:305,0
DA:310,1
DA:311,0
DA:312,0
DA:316,0
DA:318,0
LF:128
LH:68
BRDA:11,0,0,0
BRDA:11,0,1,1
BRDA:24,1,0,1
BRDA:24,2,0,1
BRDA:27,3,0,0
BRDA:27,3,1,1
BRDA:28,4,0,0
BRDA:28,4,1,1
BRDA:29,5,0,0
BRDA:29,5,1,1
BRDA:60,6,0,0
BRDA:60,6,1,1
BRDA:61,7,0,0
BRDA:61,7,1,1
BRDA:83,8,0,0
BRDA:83,8,1,2
BRDA:83,9,0,2
BRDA:83,9,1,2
BRDA:91,10,0,1
BRDA:91,10,1,1
BRDA:136,11,0,0
BRDA:136,11,1,1
BRDA:142,12,0,0
BRDA:142,12,1,1
BRDA:149,13,0,1
BRDA:149,13,1,0
BRDA:149,14,0,1
BRDA:149,14,1,1
BRDA:155,15,0,1
BRDA:155,15,1,0
BRDA:155,16,0,1
BRDA:155,16,1,1
BRDA:176,17,0,0
BRDA:176,17,1,0
BRDA:213,18,0,1
BRDA:213,18,1,1
BRDA:214,19,0,1
BRDA:214,19,1,1
BRDA:228,20,0,0
BRDA:228,20,1,1
BRDA:243,21,0,0
BRDA:243,21,1,0
BRDA:256,22,0,0
BRDA:256,22,1,0
BRDA:261,23,0,0
BRDA:261,23,1,0
BRDA:267,24,0,0
BRDA:267,24,1,0
BRDA:268,25,0,0
BRDA:268,25,1,0
BRDA:283,26,0,0
BRDA:283,26,1,0
BRDA:300,27,0,0
BRDA:300,27,1,0
BRF:54
BRH:26
end_of_record
TN:
SF:src\controllers\interviewController.js
FN:11,(anonymous_0)
FN:29,(anonymous_1)
FN:132,(anonymous_2)
FN:165,(anonymous_3)
FN:234,(anonymous_4)
FN:234,(anonymous_5)
FN:236,(anonymous_6)
FN:255,(anonymous_7)
FN:315,(anonymous_8)
FN:343,(anonymous_9)
FN:377,(anonymous_10)
FN:395,(anonymous_11)
FN:459,(anonymous_12)
FN:475,(anonymous_13)
FN:502,(anonymous_14)
FN:573,(anonymous_15)
FN:609,(anonymous_16)
FNF:17
FNH:8
FNDA:2,(anonymous_0)
FNDA:4,(anonymous_1)
FNDA:0,(anonymous_2)
FNDA:3,(anonymous_3)
FNDA:1,(anonymous_4)
FNDA:1,(anonymous_5)
FNDA:1,(anonymous_6)
FNDA:1,(anonymous_7)
FNDA:0,(anonymous_8)
FNDA:0,(anonymous_9)
FNDA:0,(anonymous_10)
FNDA:0,(anonymous_11)
FNDA:0,(anonymous_12)
FNDA:0,(anonymous_13)
FNDA:1,(anonymous_14)
FNDA:0,(anonymous_15)
FNDA:0,(anonymous_16)
DA:3,1
DA:4,1
DA:5,1
DA:11,1
DA:12,2
DA:14,2
DA:15,2
DA:29,1
DA:30,4
DA:31,4
DA:32,4
DA:35,4
DA:36,4
DA:37,1
DA:41,3
DA:44,3
DA:45,1
DA:52,2
DA:60,2
DA:61,1
DA:70,1
DA:71,1
DA:73,0
DA:76,1
DA:77,0
DA:85,1
DA:86,1
DA:88,0
DA:93,1
DA:94,1
DA:95,1
DA:96,1
DA:97,0
DA:100,0
DA:104,1
DA:113,1
DA:124,0
DA:132,1
DA:133,0
DA:134,0
DA:135,0
DA:136,0
DA:137,0
DA:139,0
DA:140,0
DA:144,0
DA:145,0
DA:146,0
DA:148,0
DA:151,0
DA:152,0
DA:155,0
DA:157,0
DA:165,1
DA:166,3
DA:167,3
DA:169,3
DA:170,3
DA:171,3
DA:172,1
DA:174,2
DA:175,0
DA:180,2
DA:181,2
DA:187,0
DA:188,0
DA:189,0
DA:192,0
DA:193,0
DA:194,0
DA:200,0
DA:207,2
DA:210,2
DA:223,2
DA:226,1
DA:227,1
DA:228,1
DA:230,0
DA:234,1
DA:235,1
DA:236,1
DA:239,1
DA:247,1
DA:248,1
DA:249,1
DA:253,1
DA:254,1
DA:255,1
DA:263,1
DA:277,1
DA:279,1
DA:280,1
DA:281,1
DA:282,1
DA:283,1
DA:285,1
DA:288,0
DA:289,0
DA:290,0
DA:291,0
DA:294,1
DA:307,0
DA:315,1
DA:316,0
DA:317,0
DA:319,0
DA:320,0
DA:321,0
DA:322,0
DA:324,0
DA:325,0
DA:328,0
DA:329,0
DA:334,0
DA:336,0
DA:343,1
DA:344,0
DA:345,0
DA:346,0
DA:347,0
DA:349,0
DA:357,0
DA:370,0
DA:377,1
DA:378,0
DA:379,0
DA:380,0
DA:381,0
DA:382,0
DA:385,0
DA:387,0
DA:395,1
DA:396,0
DA:397,0
DA:398,0
DA:401,0
DA:402,0
DA:405,0
DA:406,0
DA:410,0
DA:411,0
DA:424,0
DA:425,0
DA:426,0
DA:427,0
DA:429,0
DA:430,0
DA:431,0
DA:434,0
DA:435,0
DA:441,0
DA:452,0
DA:459,1
DA:460,0
DA:461,0
DA:463,0
DA:466,0
DA:469,0
DA:470,0
DA:471,0
DA:473,0
DA:475,0
DA:476,0
DA:478,0
DA:479,0
DA:482,0
DA:490,0
DA:495,0
DA:502,1
DA:503,1
DA:504,1
DA:506,1
DA:507,0
DA:513,1
DA:517,1
DA:520,1
DA:521,0
DA:528,1
DA:529,1
DA:530,1
DA:532,1
DA:534,1
DA:535,1
DA:536,1
DA:537,0
DA:541,1
DA:544,1
DA:548,1
DA:552,1
DA:554,1
DA:565,0
DA:573,1
DA:574,0
DA:575,0
DA:579,0
DA:580,0
DA:581,0
DA:583,0
DA:584,0
DA:587,0
DA:590,0
DA:591,0
DA:593,0
DA:594,0
DA:595,0
DA:596,0
DA:600,0
DA:608,0
DA:609,0
DA:610,0
DA:611,0
DA:614,0
LF:212
LH:92
BRDA:12,0,0,0
BRDA:12,0,1,2
BRDA:14,1,0,0
BRDA:14,1,1,2
BRDA:14,2,0,2
BRDA:14,2,1,2
BRDA:16,3,0,2
BRDA:16,3,1,2
BRDA:17,4,0,2
BRDA:17,4,1,2
BRDA:19,5,0,2
BRDA:19,5,1,2
BRDA:21,6,0,0
BRDA:21,6,1,2
BRDA:36,7,0,1
BRDA:36,7,1,3
BRDA:44,8,0,1
BRDA:44,8,1,2
BRDA:60,9,0,1
BRDA:60,9,1,1
BRDA:76,10,0,0
BRDA:76,10,1,1
BRDA:94,11,0,1
BRDA:94,11,1,1
BRDA:96,12,0,0
BRDA:96,12,1,1
BRDA:107,13,0,1
BRDA:107,13,1,1
BRDA:135,14,0,0
BRDA:135,14,1,0
BRDA:136,15,0,0
BRDA:136,15,1,0
BRDA:139,16,0,0
BRDA:139,16,1,0
BRDA:151,17,0,0
BRDA:151,17,1,0
BRDA:170,18,0,0
BRDA:170,18,1,3
BRDA:171,19,0,1
BRDA:171,19,1,2
BRDA:174,20,0,0
BRDA:174,20,1,2
BRDA:188,21,0,0
BRDA:188,21,1,0
BRDA:192,22,0,0
BRDA:192,22,1,0
BRDA:193,23,0,0
BRDA:193,23,1,0
BRDA:193,24,0,0
BRDA:193,24,1,0
BRDA:193,24,2,0
BRDA:203,25,0,0
BRDA:203,25,1,0
BRDA:211,26,0,2
BRDA:211,26,1,0
BRDA:223,27,0,1
BRDA:223,27,1,1
BRDA:235,28,0,1
BRDA:235,28,1,0
BRDA:248,29,0,1
BRDA:248,29,1,0
BRDA:253,30,0,1
BRDA:253,30,1,0
BRDA:257,31,0,1
BRDA:257,31,1,0
BRDA:285,32,0,0
BRDA:285,32,1,1
BRDA:285,33,0,1
BRDA:285,33,1,0
BRDA:289,34,0,0
BRDA:289,34,1,0
BRDA:320,35,0,0
BRDA:320,35,1,0
BRDA:321,36,0,0
BRDA:321,36,1,0
BRDA:324,37,0,0
BRDA:324,37,1,0
BRDA:345,38,0,0
BRDA:345,38,1,0
BRDA:346,39,0,0
BRDA:346,39,1,0
BRDA:380,40,0,0
BRDA:380,40,1,0
BRDA:381,41,0,0
BRDA:381,41,1,0
BRDA:398,42,0,0
BRDA:398,42,1,0
BRDA:401,43,0,0
BRDA:401,43,1,0
BRDA:401,44,0,0
BRDA:401,44,1,0
BRDA:405,45,0,0
BRDA:405,45,1,0
BRDA:410,46,0,0
BRDA:410,46,1,0
BRDA:427,47,0,0
BRDA:427,47,1,0
BRDA:430,48,0,0
BRDA:430,48,1,0
BRDA:434,49,0,0
BRDA:434,49,1,0
BRDA:466,50,0,0
BRDA:466,50,1,0
BRDA:470,51,0,0
BRDA:470,51,1,0
BRDA:470,52,0,0
BRDA:470,52,1,0
BRDA:473,53,0,0
BRDA:473,53,1,0
BRDA:476,54,0,0
BRDA:476,54,1,0
BRDA:479,55,0,0
BRDA:479,55,1,0
BRDA:506,56,0,0
BRDA:506,56,1,1
BRDA:517,57,0,0
BRDA:517,57,1,1
BRDA:520,58,0,0
BRDA:520,58,1,1
BRDA:529,59,0,1
BRDA:529,59,1,0
BRDA:529,60,0,1
BRDA:529,60,1,1
BRDA:532,61,0,0
BRDA:532,61,1,1
BRDA:534,62,0,1
BRDA:534,62,1,0
BRDA:536,63,0,0
BRDA:536,63,1,1
BRDA:536,64,0,1
BRDA:536,64,1,1
BRDA:544,65,0,1
BRDA:544,65,1,0
BRDA:545,66,0,1
BRDA:545,66,1,1
BRDA:546,67,0,0
BRDA:546,67,1,0
BRDA:548,68,0,1
BRDA:548,68,1,0
BRDA:579,69,0,0
BRDA:579,69,1,0
BRDA:580,70,0,0
BRDA:580,70,1,0
BRDA:583,71,0,0
BRDA:583,71,1,0
BRDA:594,72,0,0
BRDA:594,72,1,0
BRDA:611,73,0,0
BRDA:611,73,1,0
BRF:149
BRH:51
end_of_record
TN:
SF:src\controllers\jobController.js
FN:9,(anonymous_0)
FN:14,(anonymous_1)
FN:23,(anonymous_2)
FN:55,(anonymous_3)
FN:73,(anonymous_4)
FN:83,(anonymous_5)
FN:101,(anonymous_6)
FN:117,(anonymous_7)
FN:118,(anonymous_8)
FN:131,(anonymous_9)
FN:143,(anonymous_10)
FN:156,(anonymous_11)
FN:168,(anonymous_12)
FN:184,(anonymous_13)
FN:204,(anonymous_14)
FN:225,(anonymous_15)
FN:243,(anonymous_16)
FNF:17
FNH:12
FNDA:4,(anonymous_0)
FNDA:2,(anonymous_1)
FNDA:1,(anonymous_2)
FNDA:0,(anonymous_3)
FNDA:2,(anonymous_4)
FNDA:1,(anonymous_5)
FNDA:1,(anonymous_6)
FNDA:1,(anonymous_7)
FNDA:1,(anonymous_8)
FNDA:0,(anonymous_9)
FNDA:0,(anonymous_10)
FNDA:0,(anonymous_11)
FNDA:0,(anonymous_12)
FNDA:2,(anonymous_13)
FNDA:2,(anonymous_14)
FNDA:1,(anonymous_15)
FNDA:1,(anonymous_16)
DA:3,1
DA:4,1
DA:5,1
DA:6,1
DA:9,1
DA:10,4
DA:14,1
DA:15,2
DA:16,2
DA:17,1
DA:18,1
DA:19,1
DA:23,1
DA:24,1
DA:25,1
DA:26,1
DA:28,1
DA:29,1
DA:30,1
DA:31,1
DA:33,1
DA:44,1
DA:50,0
DA:55,1
DA:56,0
DA:57,0
DA:66,0
DA:68,0
DA:73,1
DA:74,2
DA:75,2
DA:78,2
DA:81,2
DA:83,2
DA:85,2
DA:92,2
DA:95,2
DA:96,1
DA:100,1
DA:101,1
DA:102,1
DA:103,1
DA:107,1
DA:116,1
DA:118,1
DA:119,1
DA:120,1
DA:124,1
DA:126,0
DA:131,1
DA:132,0
DA:133,0
DA:134,0
DA:136,0
DA:143,0
DA:144,0
DA:153,0
DA:154,0
DA:156,0
DA:161,0
DA:163,0
DA:168,1
DA:169,0
DA:170,0
DA:176,0
DA:177,0
DA:179,0
DA:184,1
DA:185,2
DA:186,2
DA:187,2
DA:189,1
DA:190,1
DA:192,1
DA:194,1
DA:197,1
DA:199,0
DA:204,1
DA:205,2
DA:206,2
DA:209,2
DA:210,2
DA:211,1
DA:214,1
DA:215,1
DA:216,1
DA:218,1
DA:220,0
DA:225,1
DA:226,1
DA:227,1
DA:230,1
DA:231,1
DA:232,0
DA:235,1
DA:236,1
DA:238,0
DA:243,1
DA:244,1
DA:245,1
DA:248,1
DA:249,1
DA:250,0
DA:253,1
DA:254,1
DA:256,1
DA:258,0
LF:107
LH:79
BRDA:10,0,0,4
BRDA:10,0,1,1
BRDA:16,1,0,1
BRDA:16,1,1,1
BRDA:18,2,0,0
BRDA:18,2,1,1
BRDA:18,3,0,1
BRDA:18,3,1,0
BRDA:25,4,0,0
BRDA:25,5,0,0
BRDA:29,6,0,1
BRDA:29,6,1,0
BRDA:30,7,0,0
BRDA:30,7,1,1
BRDA:31,8,0,0
BRDA:31,8,1,1
BRDA:81,9,0,0
BRDA:81,9,1,2
BRDA:83,10,0,2
BRDA:83,10,1,0
BRDA:87,11,0,2
BRDA:87,11,1,1
BRDA:88,12,0,2
BRDA:88,12,1,2
BRDA:95,13,0,1
BRDA:95,13,1,1
BRDA:95,14,0,2
BRDA:95,14,1,2
BRDA:119,15,0,0
BRDA:119,15,1,1
BRDA:134,16,0,0
BRDA:134,16,1,0
BRDA:144,17,0,0
BRDA:144,17,1,0
BRDA:158,18,0,0
BRDA:158,18,1,0
BRDA:176,19,0,0
BRDA:176,19,1,0
BRDA:187,20,0,1
BRDA:187,20,1,1
BRDA:190,21,0,1
BRDA:190,21,1,1
BRDA:192,22,0,1
BRDA:192,22,1,0
BRDA:192,23,0,1
BRDA:192,23,1,1
BRDA:209,24,0,0
BRDA:209,24,1,2
BRDA:210,25,0,1
BRDA:210,25,1,1
BRDA:215,26,0,0
BRDA:215,26,1,1
BRDA:216,27,0,0
BRDA:216,27,1,1
BRDA:230,28,0,0
BRDA:230,28,1,1
BRDA:231,29,0,0
BRDA:231,29,1,1
BRDA:248,30,0,0
BRDA:248,30,1,1
BRDA:249,31,0,0
BRDA:249,31,1,1
BRDA:253,32,0,1
BRDA:253,32,1,0
BRF:64
BRH:37
end_of_record
TN:
SF:src\controllers\notificationController.js
FN:10,(anonymous_0)
FN:20,(anonymous_1)
FN:36,(anonymous_2)
FN:51,(anonymous_3)
FN:63,(anonymous_4)
FN:76,(anonymous_5)
FNF:6
FNH:6
FNDA:1,(anonymous_0)
FNDA:1,(anonymous_1)
FNDA:1,(anonymous_2)
FNDA:1,(anonymous_3)
FNDA:1,(anonymous_4)
FNDA:1,(anonymous_5)
DA:3,1
DA:4,1
DA:10,1
DA:11,1
DA:12,1
DA:13,1
DA:15,0
DA:20,1
DA:21,1
DA:22,1
DA:29,1
DA:31,0
DA:36,1
DA:37,1
DA:38,1
DA:41,1
DA:43,1
DA:44,1
DA:46,0
DA:51,1
DA:52,1
DA:53,1
DA:56,1
DA:58,0
DA:63,1
DA:64,1
DA:65,1
DA:69,1
DA:71,0
DA:76,1
DA:77,1
DA:78,1
DA:81,1
DA:83,1
DA:84,1
DA:86,0
LF:36
LH:30
BRDA:10,0,0,1
BRDA:41,1,0,0
BRDA:41,1,1,1
BRDA:81,2,0,0
BRDA:81,2,1,1
BRF:5
BRH:3
end_of_record
TN:
SF:src\controllers\scheduleController.js
FN:10,(anonymous_0)
FN:119,(anonymous_1)
FN:147,(anonymous_2)
FN:175,(anonymous_3)
FN:260,(anonymous_4)
FNF:5
FNH:5
FNDA:2,(anonymous_0)
FNDA:1,(anonymous_1)
FNDA:1,(anonymous_2)
FNDA:1,(anonymous_3)
FNDA:1,(anonymous_4)
DA:3,1
DA:4,1
DA:5,1
DA:10,1
DA:11,2
DA:12,2
DA:14,2
DA:15,0
DA:21,2
DA:22,1
DA:26,1
DA:30,1
DA:31,0
DA:33,1
DA:34,0
DA:41,1
DA:42,1
DA:43,0
DA:50,1
DA:51,1
DA:52,1
DA:54,1
DA:69,1
DA:70,0
DA:73,0
DA:79,1
DA:90,1
DA:96,1
DA:106,1
DA:112,0
DA:119,1
DA:120,1
DA:121,1
DA:138,1
DA:140,0
DA:147,1
DA:148,1
DA:149,1
DA:166,1
DA:168,0
DA:175,1
DA:176,1
DA:177,1
DA:179,1
DA:186,1
DA:188,1
DA:189,0
DA:192,1
DA:193,0
DA:196,1
DA:197,0
DA:198,0
DA:202,0
DA:203,0
DA:204,0
DA:206,0
DA:222,0
DA:223,0
DA:226,0
DA:233,1
DA:234,1
DA:235,1
DA:236,1
DA:237,1
DA:239,1
DA:242,1
DA:247,1
DA:253,0
DA:260,1
DA:261,1
DA:262,1
DA:264,1
DA:271,1
DA:273,1
DA:274,0
DA:277,1
DA:278,0
DA:281,1
DA:284,1
DA:290,1
DA:298,1
DA:303,0
LF:82
LH:58
BRDA:14,0,0,0
BRDA:14,0,1,2
BRDA:14,1,0,2
BRDA:14,1,1,2
BRDA:21,2,0,1
BRDA:21,2,1,1
BRDA:30,3,0,0
BRDA:30,3,1,1
BRDA:33,4,0,0
BRDA:33,4,1,1
BRDA:42,5,0,0
BRDA:42,5,1,1
BRDA:69,6,0,0
BRDA:69,6,1,1
BRDA:70,7,0,0
BRDA:70,7,1,0
BRDA:84,8,0,1
BRDA:84,8,1,1
BRDA:85,9,0,1
BRDA:85,9,1,1
BRDA:92,10,0,0
BRDA:92,10,1,1
BRDA:186,11,0,0
BRDA:186,11,1,1
BRDA:188,12,0,0
BRDA:188,12,1,1
BRDA:192,13,0,0
BRDA:192,13,1,1
BRDA:196,14,0,0
BRDA:196,14,1,1
BRDA:197,15,0,0
BRDA:197,15,1,0
BRDA:222,16,0,0
BRDA:222,16,1,0
BRDA:223,17,0,0
BRDA:223,17,1,0
BRDA:234,18,0,0
BRDA:234,18,1,1
BRDA:235,19,0,0
BRDA:235,19,1,1
BRDA:236,20,0,0
BRDA:236,20,1,1
BRDA:237,21,0,1
BRDA:237,21,1,0
BRDA:237,22,0,1
BRDA:237,22,1,1
BRDA:271,23,0,0
BRDA:271,23,1,1
BRDA:273,24,0,0
BRDA:273,24,1,1
BRDA:277,25,0,0
BRDA:277,25,1,1
BRDA:286,26,0,0
BRDA:286,26,1,1
BRF:54
BRH:28
end_of_record
TN:
SF:src\controllers\skillController.js
FN:6,(anonymous_0)
FN:16,(anonymous_1)
FN:29,(anonymous_2)
FN:45,(anonymous_3)
FNF:4
FNH:4
FNDA:1,(anonymous_0)
FNDA:2,(anonymous_1)
FNDA:2,(anonymous_2)
FNDA:1,(anonymous_3)
DA:3,1
DA:6,1
DA:7,1
DA:8,1
DA:9,1
DA:11,0
DA:16,1
DA:17,2
DA:18,2
DA:19,2
DA:21,1
DA:22,1
DA:24,0
DA:29,1
DA:30,2
DA:31,2
DA:32,2
DA:34,2
DA:35,2
DA:37,1
DA:38,1
DA:40,0
DA:45,1
DA:46,1
DA:47,1
DA:48,1
DA:51,1
DA:52,1
DA:54,0
LF:29
LH:25
BRDA:19,0,0,1
BRDA:19,0,1,1
BRDA:32,1,0,0
BRDA:32,1,1,2
BRDA:35,2,0,1
BRDA:35,2,1,1
BRDA:48,3,0,0
BRDA:48,3,1,1
BRF:8
BRH:6
end_of_record
TN:
SF:src\controllers\userController.js
FN:9,(anonymous_0)
FN:27,(anonymous_1)
FN:43,(anonymous_2)
FN:64,(anonymous_3)
FN:106,(anonymous_4)
FN:118,(anonymous_5)
FN:129,(anonymous_6)
FN:144,(anonymous_7)
FN:147,(anonymous_8)
FN:184,(anonymous_9)
FN:199,(anonymous_10)
FN:217,(anonymous_11)
FN:240,(anonymous_12)
FN:297,(anonymous_13)
FN:321,(anonymous_14)
FN:334,(anonymous_15)
FN:348,(anonymous_16)
FNF:17
FNH:7
FNDA:1,(anonymous_0)
FNDA:1,(anonymous_1)
FNDA:0,(anonymous_2)
FNDA:0,(anonymous_3)
FNDA:0,(anonymous_4)
FNDA:0,(anonymous_5)
FNDA:0,(anonymous_6)
FNDA:0,(anonymous_7)
FNDA:0,(anonymous_8)
FNDA:0,(anonymous_9)
FNDA:0,(anonymous_10)
FNDA:2,(anonymous_11)
FNDA:1,(anonymous_12)
FNDA:2,(anonymous_13)
FNDA:2,(anonymous_14)
FNDA:2,(anonymous_15)
FNDA:0,(anonymous_16)
DA:3,1
DA:4,1
DA:5,1
DA:6,1
DA:9,1
DA:10,1
DA:11,1
DA:20,1
DA:22,0
DA:27,1
DA:28,1
DA:29,1
DA:30,1
DA:31,1
DA:33,1
DA:36,1
DA:38,0
DA:43,1
DA:44,0
DA:45,0
DA:46,0
DA:49,0
DA:51,0
DA:54,0
DA:56,0
DA:60,1
DA:61,1
DA:64,1
DA:65,0
DA:66,0
DA:67,0
DA:70,0
DA:71,0
DA:74,0
DA:76,0
DA:79,0
DA:80,0
DA:81,0
DA:82,0
DA:83,0
DA:84,0
DA:88,0
DA:89,0
DA:93,0
DA:94,0
DA:100,0
DA:101,0
DA:102,0
DA:104,0
DA:105,0
DA:106,0
DA:116,0
DA:117,0
DA:118,0
DA:127,0
DA:128,0
DA:129,0
DA:139,0
DA:144,0
DA:145,0
DA:148,0
DA:149,0
DA:152,0
DA:153,0
DA:154,0
DA:158,0
DA:161,0
DA:171,0
DA:179,0
DA:184,1
DA:185,0
DA:186,0
DA:188,0
DA:189,0
DA:190,0
DA:192,0
DA:194,0
DA:199,1
DA:200,0
DA:201,0
DA:210,0
DA:212,0
DA:217,1
DA:218,2
DA:219,2
DA:220,2
DA:222,2
DA:223,2
DA:225,2
DA:227,2
DA:228,1
DA:229,1
DA:231,1
DA:232,1
DA:235,0
DA:240,1
DA:241,1
DA:242,1
DA:245,1
DA:257,1
DA:260,1
DA:263,1
DA:276,1
DA:291,0
DA:297,1
DA:298,2
DA:299,2
DA:302,2
DA:311,2
DA:312,2
DA:315,2
DA:316,2
DA:317,0
DA:319,2
DA:321,2
DA:322,2
DA:324,2
DA:325,2
DA:327,1
DA:329,0
DA:334,1
DA:335,2
DA:336,2
DA:337,2
DA:338,1
DA:340,1
DA:341,1
DA:343,0
DA:348,1
DA:349,0
DA:350,0
DA:351,0
DA:352,0
DA:355,0
DA:356,0
DA:357,0
DA:359,0
DA:362,0
DA:363,0
DA:369,0
DA:378,0
DA:384,0
LF:142
LH:63
BRDA:31,0,0,1
BRDA:31,0,1,0
BRDA:31,1,0,1
BRDA:31,1,1,1
BRDA:66,2,0,0
BRDA:66,2,1,0
BRDA:66,3,0,0
BRDA:66,3,1,0
BRDA:80,4,0,0
BRDA:80,4,1,0
BRDA:81,5,0,0
BRDA:81,5,1,0
BRDA:82,6,0,0
BRDA:82,6,1,0
BRDA:83,7,0,0
BRDA:83,7,1,0
BRDA:88,8,0,0
BRDA:88,8,1,0
BRDA:88,9,0,0
BRDA:88,9,1,0
BRDA:88,9,2,0
BRDA:93,10,0,0
BRDA:93,10,1,0
BRDA:104,11,0,0
BRDA:104,11,1,0
BRDA:104,12,0,0
BRDA:104,12,1,0
BRDA:104,12,2,0
BRDA:108,13,0,0
BRDA:108,13,1,0
BRDA:109,14,0,0
BRDA:109,14,1,0
BRDA:110,15,0,0
BRDA:110,15,1,0
BRDA:111,16,0,0
BRDA:111,16,1,0
BRDA:116,17,0,0
BRDA:116,17,1,0
BRDA:116,18,0,0
BRDA:116,18,1,0
BRDA:116,18,2,0
BRDA:120,19,0,0
BRDA:120,19,1,0
BRDA:121,20,0,0
BRDA:121,20,1,0
BRDA:122,21,0,0
BRDA:122,21,1,0
BRDA:127,22,0,0
BRDA:127,22,1,0
BRDA:127,23,0,0
BRDA:127,23,1,0
BRDA:127,23,2,0
BRDA:131,24,0,0
BRDA:131,24,1,0
BRDA:132,25,0,0
BRDA:132,25,1,0
BRDA:133,26,0,0
BRDA:133,26,1,0
BRDA:148,27,0,0
BRDA:148,27,1,0
BRDA:173,28,0,0
BRDA:173,28,1,0
BRDA:175,29,0,0
BRDA:175,29,1,0
BRDA:186,30,0,0
BRDA:186,30,1,0
BRDA:223,31,0,0
BRDA:223,31,1,2
BRDA:227,32,0,1
BRDA:227,32,1,1
BRDA:257,33,0,1
BRDA:257,33,1,0
BRDA:279,34,0,1
BRDA:279,34,1,0
BRDA:281,35,0,1
BRDA:281,35,1,0
BRDA:282,36,0,1
BRDA:282,36,1,0
BRDA:283,37,0,1
BRDA:283,37,1,0
BRDA:284,38,0,1
BRDA:284,38,1,0
BRDA:311,39,0,0
BRDA:311,39,1,2
BRDA:312,40,0,0
BRDA:312,40,1,2
BRDA:316,41,0,0
BRDA:316,41,1,2
BRDA:316,42,0,2
BRDA:316,42,1,0
BRDA:319,43,0,0
BRDA:319,43,1,2
BRDA:322,44,0,0
BRDA:322,44,1,2
BRDA:325,45,0,1
BRDA:325,45,1,1
BRDA:337,46,0,1
BRDA:337,46,1,1
BRDA:351,47,0,0
BRDA:351,48,0,0
BRDA:357,49,0,0
BRDA:357,49,1,0
BRDA:362,50,0,0
BRDA:362,50,1,0
BRF:104
BRH:22
end_of_record
TN:
SF:src\middlewares\auth.js
FN:9,(anonymous_0)
FN:50,(anonymous_1)
FN:51,(anonymous_2)
FNF:3
FNH:3
FNDA:6,(anonymous_0)
FNDA:2,(anonymous_1)
FNDA:2,(anonymous_2)
DA:3,1
DA:4,1
DA:9,1
DA:10,6
DA:11,6
DA:13,6
DA:14,2
DA:17,4
DA:18,4
DA:20,3
DA:24,3
DA:25,1
DA:28,2
DA:29,1
DA:32,1
DA:33,0
DA:36,1
DA:37,1
DA:39,1
DA:40,1
DA:42,0
DA:50,1
DA:51,2
DA:52,2
DA:53,1
DA:58,1
DA:62,1
LF:27
LH:25
BRDA:13,0,0,2
BRDA:13,0,1,4
BRDA:13,1,0,6
BRDA:13,1,1,5
BRDA:24,2,0,1
BRDA:24,2,1,2
BRDA:28,3,0,1
BRDA:28,3,1,1
BRDA:32,4,0,0
BRDA:32,4,1,1
BRDA:39,5,0,1
BRDA:39,5,1,0
BRDA:52,6,0,1
BRDA:52,6,1,1
BRF:14
BRH:12
end_of_record
TN:
SF:src\middlewares\cache.js
FN:11,(anonymous_0)
FN:11,(anonymous_1)
FN:26,(anonymous_2)
FN:45,(anonymous_3)
FNF:4
FNH:4
FNDA:3,(anonymous_0)
FNDA:3,(anonymous_1)
FNDA:1,(anonymous_2)
FNDA:2,(anonymous_3)
DA:3,1
DA:4,1
DA:11,3
DA:13,3
DA:15,3
DA:17,3
DA:18,3
DA:19,2
DA:20,1
DA:21,1
DA:25,1
DA:26,1
DA:27,1
DA:28,1
DA:29,1
DA:31,1
DA:34,1
DA:36,1
DA:37,1
DA:45,1
DA:46,2
DA:47,2
DA:48,2
DA:49,2
DA:50,1
DA:51,1
DA:54,0
DA:58,1
LF:28
LH:27
BRDA:11,0,0,0
BRDA:13,1,0,0
BRDA:13,1,1,3
BRDA:19,2,0,1
BRDA:19,2,1,1
BRDA:27,3,0,1
BRDA:27,3,1,0
BRDA:46,4,0,0
BRDA:46,4,1,2
BRDA:49,5,0,1
BRDA:49,5,1,1
BRF:11
BRH:7
end_of_record
TN:
SF:src\middlewares\errorHandler.js
FN:9,(anonymous_0)
FN:26,(anonymous_1)
FNF:2
FNH:2
FNDA:4,(anonymous_0)
FNDA:1,(anonymous_1)
DA:3,1
DA:9,1
DA:10,4
DA:13,4
DA:14,1
DA:15,1
DA:22,3
DA:23,1
DA:26,1
DA:31,2
DA:32,0
DA:39,2
DA:40,0
DA:42,2
DA:43,0
DA:47,2
DA:48,0
DA:52,2
DA:53,1
DA:57,1
DA:63,1
LF:21
LH:17
BRDA:13,0,0,1
BRDA:13,0,1,3
BRDA:14,1,0,1
BRDA:14,1,1,0
BRDA:22,2,0,1
BRDA:22,2,1,2
BRDA:31,3,0,0
BRDA:31,3,1,2
BRDA:39,4,0,0
BRDA:39,4,1,2
BRDA:42,5,0,0
BRDA:42,5,1,2
BRDA:47,6,0,0
BRDA:47,6,1,2
BRDA:52,7,0,1
BRDA:52,7,1,1
BRF:16
BRH:11
end_of_record
TN:
SF:src\middlewares\requestLogger.js
FN:9,(anonymous_0)
FN:12,(anonymous_1)
FNF:2
FNH:2
FNDA:3,(anonymous_0)
FNDA:3,(anonymous_1)
DA:3,1
DA:9,1
DA:10,3
DA:12,3
DA:13,3
DA:14,3
DA:18,3
DA:21,3
DA:24,1
LF:9
LH:9
BRDA:14,0,0,1
BRDA:14,0,1,2
BRDA:15,1,0,1
BRDA:15,1,1,1
BRF:4
BRH:4
end_of_record
TN:
SF:src\middlewares\validate.js
FN:8,(anonymous_0)
FN:14,(anonymous_1)
FNF:2
FNH:2
FNDA:2,(anonymous_0)
FNDA:1,(anonymous_1)
DA:3,1
DA:8,1
DA:9,2
DA:10,2
DA:11,1
DA:14,1
DA:17,1
DA:20,1
LF:8
LH:8
BRDA:10,0,0,1
BRDA:10,0,1,1
BRF:2
BRH:2
end_of_record
TN:
SF:src\services\aiService.js
FN:10,(anonymous_0)
FN:33,(anonymous_1)
FN:71,(anonymous_2)
FN:85,(anonymous_3)
FN:88,(anonymous_4)
FN:99,(anonymous_5)
FN:113,(anonymous_6)
FN:124,(anonymous_7)
FN:134,(anonymous_8)
FN:143,(anonymous_9)
FN:155,(anonymous_10)
FNF:11
FNH:11
FNDA:2,(anonymous_0)
FNDA:2,(anonymous_1)
FNDA:3,(anonymous_2)
FNDA:2,(anonymous_3)
FNDA:2,(anonymous_4)
FNDA:1,(anonymous_5)
FNDA:1,(anonymous_6)
FNDA:1,(anonymous_7)
FNDA:1,(anonymous_8)
FNDA:1,(anonymous_9)
FNDA:1,(anonymous_10)
DA:3,4
DA:4,4
DA:8,4
DA:10,4
DA:11,2
DA:12,2
DA:13,2
DA:20,1
DA:22,1
DA:23,1
DA:33,4
DA:34,2
DA:36,2
DA:37,2
DA:43,2
DA:44,2
DA:50,1
DA:52,1
DA:53,1
DA:58,4
DA:60,4
DA:71,4
DA:72,3
DA:73,3
DA:74,3
DA:75,3
DA:77,0
DA:85,4
DA:86,2
DA:88,2
DA:89,2
DA:99,4
DA:100,1
DA:105,1
DA:113,4
DA:114,1
DA:115,1
DA:124,4
DA:125,1
DA:126,1
DA:134,4
DA:135,1
DA:143,4
DA:144,1
DA:145,1
DA:155,4
DA:156,1
DA:167,1
LF:48
LH:47
BRDA:8,0,0,4
BRDA:8,0,1,4
BRDA:14,1,0,2
BRDA:14,1,1,1
BRDA:15,2,0,2
BRDA:15,2,1,2
BRDA:16,3,0,2
BRDA:16,3,1,2
BRDA:20,4,0,1
BRDA:20,4,1,0
BRDA:22,5,0,1
BRDA:22,5,1,1
BRDA:52,6,0,1
BRDA:52,6,1,1
BRDA:58,7,0,4
BRDA:58,7,1,4
BRDA:74,8,0,0
BRDA:74,8,1,3
BRDA:89,9,0,1
BRDA:89,9,1,1
BRF:20
BRH:18
end_of_record
TN:
SF:src\services\emailService.js
FN:9,(anonymous_0)
FN:28,(anonymous_1)
FN:50,(anonymous_2)
FN:83,(anonymous_3)
FN:121,(anonymous_4)
FN:148,(anonymous_5)
FNF:6
FNH:6
FNDA:1,(anonymous_0)
FNDA:1,(anonymous_1)
FNDA:1,(anonymous_2)
FNDA:1,(anonymous_3)
FNDA:1,(anonymous_4)
FNDA:1,(anonymous_5)
DA:3,4
DA:4,4
DA:9,4
DA:10,1
DA:28,4
DA:29,1
DA:30,1
DA:50,4
DA:51,1
DA:58,1
DA:60,1
DA:83,4
DA:84,1
DA:89,1
DA:121,4
DA:122,1
DA:127,1
DA:148,4
DA:149,1
DA:170,4
LF:20
LH:20
BRDA:58,0,0,1
BRDA:58,0,1,0
BRDA:101,1,0,1
BRDA:101,1,1,0
BRDA:105,2,0,1
BRDA:105,2,1,0
BRDA:136,3,0,1
BRDA:136,3,1,0
BRF:8
BRH:4
end_of_record
